The system is: Linux - 3.10.0-1160.24.1.el7.x86_64 - x86_64
Compiling the C compiler identification source file "CMakeCCompilerId.c" succeeded.
Compiler: /opt/rh/devtoolset-6/root/usr/bin/cc 
Build flags: 
Id flags:  

The output was:
0


Compilation of the C compiler identification source "CMakeCCompilerId.c" produced "a.out"

The C compiler identification is GNU, found in "/home/csmajs/anguy589/lab-6-github-actions/CMakeFiles/3.17.5/CompilerIdC/a.out"

Compiling the CXX compiler identification source file "CMakeCXXCompilerId.cpp" succeeded.
Compiler: /opt/rh/devtoolset-6/root/usr/bin/c++ 
Build flags: 
Id flags:  

The output was:
0


Compilation of the CXX compiler identification source "CMakeCXXCompilerId.cpp" produced "a.out"

The CXX compiler identification is GNU, found in "/home/csmajs/anguy589/lab-6-github-actions/CMakeFiles/3.17.5/CompilerIdCXX/a.out"

Determining if the C compiler works passed with the following output:
Change Dir: /home/csmajs/anguy589/lab-6-github-actions/CMakeFiles/CMakeTmp

Run Build Command(s):/opt/rh/devtoolset-6/root/usr/bin/gmake cmTC_28acf/fast && /opt/rh/devtoolset-6/root/usr/bin/gmake  -f CMakeFiles/cmTC_28acf.dir/build.make CMakeFiles/cmTC_28acf.dir/build
gmake[1]: Entering directory '/home/csmajs/anguy589/lab-6-github-actions/CMakeFiles/CMakeTmp'
Building C object CMakeFiles/cmTC_28acf.dir/testCCompiler.c.o
/opt/rh/devtoolset-6/root/usr/bin/cc    -o CMakeFiles/cmTC_28acf.dir/testCCompiler.c.o   -c /home/csmajs/anguy589/lab-6-github-actions/CMakeFiles/CMakeTmp/testCCompiler.c
Linking C executable cmTC_28acf
/usr/bin/cmake3 -E cmake_link_script CMakeFiles/cmTC_28acf.dir/link.txt --verbose=1
/opt/rh/devtoolset-6/root/usr/bin/cc      -rdynamic CMakeFiles/cmTC_28acf.dir/testCCompiler.c.o  -o cmTC_28acf 
gmake[1]: Leaving directory '/home/csmajs/anguy589/lab-6-github-actions/CMakeFiles/CMakeTmp'



Detecting C compiler ABI info compiled with the following output:
Change Dir: /home/csmajs/anguy589/lab-6-github-actions/CMakeFiles/CMakeTmp

Run Build Command(s):/opt/rh/devtoolset-6/root/usr/bin/gmake cmTC_56e29/fast && /opt/rh/devtoolset-6/root/usr/bin/gmake  -f CMakeFiles/cmTC_56e29.dir/build.make CMakeFiles/cmTC_56e29.dir/build
gmake[1]: Entering directory '/home/csmajs/anguy589/lab-6-github-actions/CMakeFiles/CMakeTmp'
Building C object CMakeFiles/cmTC_56e29.dir/CMakeCCompilerABI.c.o
/opt/rh/devtoolset-6/root/usr/bin/cc   -v -o CMakeFiles/cmTC_56e29.dir/CMakeCCompilerABI.c.o   -c /usr/share/cmake3/Modules/CMakeCCompilerABI.c
Using built-in specs.
COLLECT_GCC=/opt/rh/devtoolset-6/root/usr/bin/cc
Target: x86_64-redhat-linux
Configured with: ../configure --enable-bootstrap --enable-languages=c,c++,fortran,lto --prefix=/opt/rh/devtoolset-6/root/usr --mandir=/opt/rh/devtoolset-6/root/usr/share/man --infodir=/opt/rh/devtoolset-6/root/usr/share/info --with-bugurl=http://bugzilla.redhat.com/bugzilla --enable-shared --enable-threads=posix --enable-checking=release --enable-multilib --with-system-zlib --enable-__cxa_atexit --disable-libunwind-exceptions --enable-gnu-unique-object --enable-linker-build-id --enable-plugin --with-linker-hash-style=gnu --enable-initfini-array --disable-libgcj --with-default-libstdcxx-abi=gcc4-compatible --with-isl=/builddir/build/BUILD/gcc-6.3.1-20170216/obj-x86_64-redhat-linux/isl-install --enable-libmpx --enable-gnu-indirect-function --with-tune=generic --with-arch_32=i686 --build=x86_64-redhat-linux
Thread model: posix
gcc version 6.3.1 20170216 (Red Hat 6.3.1-3) (GCC) 
COLLECT_GCC_OPTIONS='-v' '-o' 'CMakeFiles/cmTC_56e29.dir/CMakeCCompilerABI.c.o' '-c' '-mtune=generic' '-march=x86-64'
 /opt/rh/devtoolset-6/root/usr/libexec/gcc/x86_64-redhat-linux/6.3.1/cc1 -quiet -v /usr/share/cmake3/Modules/CMakeCCompilerABI.c -quiet -dumpbase CMakeCCompilerABI.c -mtune=generic -march=x86-64 -auxbase-strip CMakeFiles/cmTC_56e29.dir/CMakeCCompilerABI.c.o -version -o /tmp/ccp72KEa.s
GNU C11 (GCC) version 6.3.1 20170216 (Red Hat 6.3.1-3) (x86_64-redhat-linux)
	compiled by GNU C version 6.3.1 20170216 (Red Hat 6.3.1-3), GMP version 6.0.0, MPFR version 3.1.1, MPC version 1.0.1, isl version 0.14 or 0.13
GGC heuristics: --param ggc-min-expand=100 --param ggc-min-heapsize=131072
ignoring nonexistent directory "/opt/rh/devtoolset-6/root/usr/lib/gcc/x86_64-redhat-linux/6.3.1/include-fixed"
ignoring nonexistent directory "/opt/rh/devtoolset-6/root/usr/lib/gcc/x86_64-redhat-linux/6.3.1/../../../../x86_64-redhat-linux/include"
#include "..." search starts here:
#include <...> search starts here:
 /opt/rh/devtoolset-6/root/usr/lib/gcc/x86_64-redhat-linux/6.3.1/include
 /usr/local/include
 /opt/rh/devtoolset-6/root/usr/include
 /usr/include
End of search list.
GNU C11 (GCC) version 6.3.1 20170216 (Red Hat 6.3.1-3) (x86_64-redhat-linux)
	compiled by GNU C version 6.3.1 20170216 (Red Hat 6.3.1-3), GMP version 6.0.0, MPFR version 3.1.1, MPC version 1.0.1, isl version 0.14 or 0.13
GGC heuristics: --param ggc-min-expand=100 --param ggc-min-heapsize=131072
Compiler executable checksum: 18ac54e10fc1f4b39548d3adfa3b2617
COLLECT_GCC_OPTIONS='-v' '-o' 'CMakeFiles/cmTC_56e29.dir/CMakeCCompilerABI.c.o' '-c' '-mtune=generic' '-march=x86-64'
 /opt/rh/devtoolset-6/root/usr/libexec/gcc/x86_64-redhat-linux/6.3.1/as -v --64 -o CMakeFiles/cmTC_56e29.dir/CMakeCCompilerABI.c.o /tmp/ccp72KEa.s
GNU assembler version 2.27 (x86_64-redhat-linux) using BFD version version 2.27-12.el7.1
COMPILER_PATH=/opt/rh/devtoolset-6/root/usr/libexec/gcc/x86_64-redhat-linux/6.3.1/:/opt/rh/devtoolset-6/root/usr/libexec/gcc/x86_64-redhat-linux/6.3.1/:/opt/rh/devtoolset-6/root/usr/libexec/gcc/x86_64-redhat-linux/:/opt/rh/devtoolset-6/root/usr/lib/gcc/x86_64-redhat-linux/6.3.1/:/opt/rh/devtoolset-6/root/usr/lib/gcc/x86_64-redhat-linux/
LIBRARY_PATH=/opt/rh/devtoolset-6/root/usr/lib/gcc/x86_64-redhat-linux/6.3.1/:/opt/rh/devtoolset-6/root/usr/lib/gcc/x86_64-redhat-linux/6.3.1/../../../../lib64/:/lib/../lib64/:/usr/lib/../lib64/:/opt/rh/devtoolset-6/root/usr/lib/gcc/x86_64-redhat-linux/6.3.1/../../../:/lib/:/usr/lib/
COLLECT_GCC_OPTIONS='-v' '-o' 'CMakeFiles/cmTC_56e29.dir/CMakeCCompilerABI.c.o' '-c' '-mtune=generic' '-march=x86-64'
Linking C executable cmTC_56e29
/usr/bin/cmake3 -E cmake_link_script CMakeFiles/cmTC_56e29.dir/link.txt --verbose=1
/opt/rh/devtoolset-6/root/usr/bin/cc     -v -rdynamic CMakeFiles/cmTC_56e29.dir/CMakeCCompilerABI.c.o  -o cmTC_56e29 
Using built-in specs.
COLLECT_GCC=/opt/rh/devtoolset-6/root/usr/bin/cc
COLLECT_LTO_WRAPPER=/opt/rh/devtoolset-6/root/usr/libexec/gcc/x86_64-redhat-linux/6.3.1/lto-wrapper
Target: x86_64-redhat-linux
Configured with: ../configure --enable-bootstrap --enable-languages=c,c++,fortran,lto --prefix=/opt/rh/devtoolset-6/root/usr --mandir=/opt/rh/devtoolset-6/root/usr/share/man --infodir=/opt/rh/devtoolset-6/root/usr/share/info --with-bugurl=http://bugzilla.redhat.com/bugzilla --enable-shared --enable-threads=posix --enable-checking=release --enable-multilib --with-system-zlib --enable-__cxa_atexit --disable-libunwind-exceptions --enable-gnu-unique-object --enable-linker-build-id --enable-plugin --with-linker-hash-style=gnu --enable-initfini-array --disable-libgcj --with-default-libstdcxx-abi=gcc4-compatible --with-isl=/builddir/build/BUILD/gcc-6.3.1-20170216/obj-x86_64-redhat-linux/isl-install --enable-libmpx --enable-gnu-indirect-function --with-tune=generic --with-arch_32=i686 --build=x86_64-redhat-linux
Thread model: posix
gcc version 6.3.1 20170216 (Red Hat 6.3.1-3) (GCC) 
COMPILER_PATH=/opt/rh/devtoolset-6/root/usr/libexec/gcc/x86_64-redhat-linux/6.3.1/:/opt/rh/devtoolset-6/root/usr/libexec/gcc/x86_64-redhat-linux/6.3.1/:/opt/rh/devtoolset-6/root/usr/libexec/gcc/x86_64-redhat-linux/:/opt/rh/devtoolset-6/root/usr/lib/gcc/x86_64-redhat-linux/6.3.1/:/opt/rh/devtoolset-6/root/usr/lib/gcc/x86_64-redhat-linux/
LIBRARY_PATH=/opt/rh/devtoolset-6/root/usr/lib/gcc/x86_64-redhat-linux/6.3.1/:/opt/rh/devtoolset-6/root/usr/lib/gcc/x86_64-redhat-linux/6.3.1/../../../../lib64/:/lib/../lib64/:/usr/lib/../lib64/:/opt/rh/devtoolset-6/root/usr/lib/gcc/x86_64-redhat-linux/6.3.1/../../../:/lib/:/usr/lib/
COLLECT_GCC_OPTIONS='-v' '-rdynamic' '-o' 'cmTC_56e29' '-mtune=generic' '-march=x86-64'
 /opt/rh/devtoolset-6/root/usr/libexec/gcc/x86_64-redhat-linux/6.3.1/collect2 -plugin /opt/rh/devtoolset-6/root/usr/libexec/gcc/x86_64-redhat-linux/6.3.1/liblto_plugin.so -plugin-opt=/opt/rh/devtoolset-6/root/usr/libexec/gcc/x86_64-redhat-linux/6.3.1/lto-wrapper -plugin-opt=-fresolution=/tmp/ccehncJb.res -plugin-opt=-pass-through=-lgcc -plugin-opt=-pass-through=-lgcc_s -plugin-opt=-pass-through=-lc -plugin-opt=-pass-through=-lgcc -plugin-opt=-pass-through=-lgcc_s --build-id --no-add-needed --eh-frame-hdr --hash-style=gnu -m elf_x86_64 -export-dynamic -dynamic-linker /lib64/ld-linux-x86-64.so.2 -o cmTC_56e29 /lib/../lib64/crt1.o /lib/../lib64/crti.o /opt/rh/devtoolset-6/root/usr/lib/gcc/x86_64-redhat-linux/6.3.1/crtbegin.o -L/opt/rh/devtoolset-6/root/usr/lib/gcc/x86_64-redhat-linux/6.3.1 -L/opt/rh/devtoolset-6/root/usr/lib/gcc/x86_64-redhat-linux/6.3.1/../../../../lib64 -L/lib/../lib64 -L/usr/lib/../lib64 -L/opt/rh/devtoolset-6/root/usr/lib/gcc/x86_64-redhat-linux/6.3.1/../../.. CMakeFiles/cmTC_56e29.dir/CMakeCCompilerABI.c.o -lgcc --as-needed -lgcc_s --no-as-needed -lc -lgcc --as-needed -lgcc_s --no-as-needed /opt/rh/devtoolset-6/root/usr/lib/gcc/x86_64-redhat-linux/6.3.1/crtend.o /lib/../lib64/crtn.o
COLLECT_GCC_OPTIONS='-v' '-rdynamic' '-o' 'cmTC_56e29' '-mtune=generic' '-march=x86-64'
gmake[1]: Leaving directory '/home/csmajs/anguy589/lab-6-github-actions/CMakeFiles/CMakeTmp'



Parsed C implicit include dir info from above output: rv=done
  found start of include info
  found start of implicit include info
    add: [/opt/rh/devtoolset-6/root/usr/lib/gcc/x86_64-redhat-linux/6.3.1/include]
    add: [/usr/local/include]
    add: [/opt/rh/devtoolset-6/root/usr/include]
    add: [/usr/include]
  end of search list found
  collapse include dir [/opt/rh/devtoolset-6/root/usr/lib/gcc/x86_64-redhat-linux/6.3.1/include] ==> [/opt/rh/devtoolset-6/root/usr/lib/gcc/x86_64-redhat-linux/6.3.1/include]
  collapse include dir [/usr/local/include] ==> [/usr/local/include]
  collapse include dir [/opt/rh/devtoolset-6/root/usr/include] ==> [/opt/rh/devtoolset-6/root/usr/include]
  collapse include dir [/usr/include] ==> [/usr/include]
  implicit include dirs: [/opt/rh/devtoolset-6/root/usr/lib/gcc/x86_64-redhat-linux/6.3.1/include;/usr/local/include;/opt/rh/devtoolset-6/root/usr/include;/usr/include]


Parsed C implicit link information from above output:
  link line regex: [^( *|.*[/\])(ld|CMAKE_LINK_STARTFILE-NOTFOUND|([^/\]+-)?ld|collect2)[^/\]*( |$)]
  ignore line: [Change Dir: /home/csmajs/anguy589/lab-6-github-actions/CMakeFiles/CMakeTmp]
  ignore line: []
  ignore line: [Run Build Command(s):/opt/rh/devtoolset-6/root/usr/bin/gmake cmTC_56e29/fast && /opt/rh/devtoolset-6/root/usr/bin/gmake  -f CMakeFiles/cmTC_56e29.dir/build.make CMakeFiles/cmTC_56e29.dir/build]
  ignore line: [gmake[1]: Entering directory '/home/csmajs/anguy589/lab-6-github-actions/CMakeFiles/CMakeTmp']
  ignore line: [Building C object CMakeFiles/cmTC_56e29.dir/CMakeCCompilerABI.c.o]
  ignore line: [/opt/rh/devtoolset-6/root/usr/bin/cc   -v -o CMakeFiles/cmTC_56e29.dir/CMakeCCompilerABI.c.o   -c /usr/share/cmake3/Modules/CMakeCCompilerABI.c]
  ignore line: [Using built-in specs.]
  ignore line: [COLLECT_GCC=/opt/rh/devtoolset-6/root/usr/bin/cc]
  ignore line: [Target: x86_64-redhat-linux]
  ignore line: [Configured with: ../configure --enable-bootstrap --enable-languages=c c++ fortran lto --prefix=/opt/rh/devtoolset-6/root/usr --mandir=/opt/rh/devtoolset-6/root/usr/share/man --infodir=/opt/rh/devtoolset-6/root/usr/share/info --with-bugurl=http://bugzilla.redhat.com/bugzilla --enable-shared --enable-threads=posix --enable-checking=release --enable-multilib --with-system-zlib --enable-__cxa_atexit --disable-libunwind-exceptions --enable-gnu-unique-object --enable-linker-build-id --enable-plugin --with-linker-hash-style=gnu --enable-initfini-array --disable-libgcj --with-default-libstdcxx-abi=gcc4-compatible --with-isl=/builddir/build/BUILD/gcc-6.3.1-20170216/obj-x86_64-redhat-linux/isl-install --enable-libmpx --enable-gnu-indirect-function --with-tune=generic --with-arch_32=i686 --build=x86_64-redhat-linux]
  ignore line: [Thread model: posix]
  ignore line: [gcc version 6.3.1 20170216 (Red Hat 6.3.1-3) (GCC) ]
  ignore line: [COLLECT_GCC_OPTIONS='-v' '-o' 'CMakeFiles/cmTC_56e29.dir/CMakeCCompilerABI.c.o' '-c' '-mtune=generic' '-march=x86-64']
  ignore line: [ /opt/rh/devtoolset-6/root/usr/libexec/gcc/x86_64-redhat-linux/6.3.1/cc1 -quiet -v /usr/share/cmake3/Modules/CMakeCCompilerABI.c -quiet -dumpbase CMakeCCompilerABI.c -mtune=generic -march=x86-64 -auxbase-strip CMakeFiles/cmTC_56e29.dir/CMakeCCompilerABI.c.o -version -o /tmp/ccp72KEa.s]
  ignore line: [GNU C11 (GCC) version 6.3.1 20170216 (Red Hat 6.3.1-3) (x86_64-redhat-linux)]
  ignore line: [	compiled by GNU C version 6.3.1 20170216 (Red Hat 6.3.1-3)  GMP version 6.0.0  MPFR version 3.1.1  MPC version 1.0.1  isl version 0.14 or 0.13]
  ignore line: [GGC heuristics: --param ggc-min-expand=100 --param ggc-min-heapsize=131072]
  ignore line: [ignoring nonexistent directory "/opt/rh/devtoolset-6/root/usr/lib/gcc/x86_64-redhat-linux/6.3.1/include-fixed"]
  ignore line: [ignoring nonexistent directory "/opt/rh/devtoolset-6/root/usr/lib/gcc/x86_64-redhat-linux/6.3.1/../../../../x86_64-redhat-linux/include"]
  ignore line: [#include "..." search starts here:]
  ignore line: [#include <...> search starts here:]
  ignore line: [ /opt/rh/devtoolset-6/root/usr/lib/gcc/x86_64-redhat-linux/6.3.1/include]
  ignore line: [ /usr/local/include]
  ignore line: [ /opt/rh/devtoolset-6/root/usr/include]
  ignore line: [ /usr/include]
  ignore line: [End of search list.]
  ignore line: [GNU C11 (GCC) version 6.3.1 20170216 (Red Hat 6.3.1-3) (x86_64-redhat-linux)]
  ignore line: [	compiled by GNU C version 6.3.1 20170216 (Red Hat 6.3.1-3)  GMP version 6.0.0  MPFR version 3.1.1  MPC version 1.0.1  isl version 0.14 or 0.13]
  ignore line: [GGC heuristics: --param ggc-min-expand=100 --param ggc-min-heapsize=131072]
  ignore line: [Compiler executable checksum: 18ac54e10fc1f4b39548d3adfa3b2617]
  ignore line: [COLLECT_GCC_OPTIONS='-v' '-o' 'CMakeFiles/cmTC_56e29.dir/CMakeCCompilerABI.c.o' '-c' '-mtune=generic' '-march=x86-64']
  ignore line: [ /opt/rh/devtoolset-6/root/usr/libexec/gcc/x86_64-redhat-linux/6.3.1/as -v --64 -o CMakeFiles/cmTC_56e29.dir/CMakeCCompilerABI.c.o /tmp/ccp72KEa.s]
  ignore line: [GNU assembler version 2.27 (x86_64-redhat-linux) using BFD version version 2.27-12.el7.1]
  ignore line: [COMPILER_PATH=/opt/rh/devtoolset-6/root/usr/libexec/gcc/x86_64-redhat-linux/6.3.1/:/opt/rh/devtoolset-6/root/usr/libexec/gcc/x86_64-redhat-linux/6.3.1/:/opt/rh/devtoolset-6/root/usr/libexec/gcc/x86_64-redhat-linux/:/opt/rh/devtoolset-6/root/usr/lib/gcc/x86_64-redhat-linux/6.3.1/:/opt/rh/devtoolset-6/root/usr/lib/gcc/x86_64-redhat-linux/]
  ignore line: [LIBRARY_PATH=/opt/rh/devtoolset-6/root/usr/lib/gcc/x86_64-redhat-linux/6.3.1/:/opt/rh/devtoolset-6/root/usr/lib/gcc/x86_64-redhat-linux/6.3.1/../../../../lib64/:/lib/../lib64/:/usr/lib/../lib64/:/opt/rh/devtoolset-6/root/usr/lib/gcc/x86_64-redhat-linux/6.3.1/../../../:/lib/:/usr/lib/]
  ignore line: [COLLECT_GCC_OPTIONS='-v' '-o' 'CMakeFiles/cmTC_56e29.dir/CMakeCCompilerABI.c.o' '-c' '-mtune=generic' '-march=x86-64']
  ignore line: [Linking C executable cmTC_56e29]
  ignore line: [/usr/bin/cmake3 -E cmake_link_script CMakeFiles/cmTC_56e29.dir/link.txt --verbose=1]
  ignore line: [/opt/rh/devtoolset-6/root/usr/bin/cc     -v -rdynamic CMakeFiles/cmTC_56e29.dir/CMakeCCompilerABI.c.o  -o cmTC_56e29 ]
  ignore line: [Using built-in specs.]
  ignore line: [COLLECT_GCC=/opt/rh/devtoolset-6/root/usr/bin/cc]
  ignore line: [COLLECT_LTO_WRAPPER=/opt/rh/devtoolset-6/root/usr/libexec/gcc/x86_64-redhat-linux/6.3.1/lto-wrapper]
  ignore line: [Target: x86_64-redhat-linux]
  ignore line: [Configured with: ../configure --enable-bootstrap --enable-languages=c c++ fortran lto --prefix=/opt/rh/devtoolset-6/root/usr --mandir=/opt/rh/devtoolset-6/root/usr/share/man --infodir=/opt/rh/devtoolset-6/root/usr/share/info --with-bugurl=http://bugzilla.redhat.com/bugzilla --enable-shared --enable-threads=posix --enable-checking=release --enable-multilib --with-system-zlib --enable-__cxa_atexit --disable-libunwind-exceptions --enable-gnu-unique-object --enable-linker-build-id --enable-plugin --with-linker-hash-style=gnu --enable-initfini-array --disable-libgcj --with-default-libstdcxx-abi=gcc4-compatible --with-isl=/builddir/build/BUILD/gcc-6.3.1-20170216/obj-x86_64-redhat-linux/isl-install --enable-libmpx --enable-gnu-indirect-function --with-tune=generic --with-arch_32=i686 --build=x86_64-redhat-linux]
  ignore line: [Thread model: posix]
  ignore line: [gcc version 6.3.1 20170216 (Red Hat 6.3.1-3) (GCC) ]
  ignore line: [COMPILER_PATH=/opt/rh/devtoolset-6/root/usr/libexec/gcc/x86_64-redhat-linux/6.3.1/:/opt/rh/devtoolset-6/root/usr/libexec/gcc/x86_64-redhat-linux/6.3.1/:/opt/rh/devtoolset-6/root/usr/libexec/gcc/x86_64-redhat-linux/:/opt/rh/devtoolset-6/root/usr/lib/gcc/x86_64-redhat-linux/6.3.1/:/opt/rh/devtoolset-6/root/usr/lib/gcc/x86_64-redhat-linux/]
  ignore line: [LIBRARY_PATH=/opt/rh/devtoolset-6/root/usr/lib/gcc/x86_64-redhat-linux/6.3.1/:/opt/rh/devtoolset-6/root/usr/lib/gcc/x86_64-redhat-linux/6.3.1/../../../../lib64/:/lib/../lib64/:/usr/lib/../lib64/:/opt/rh/devtoolset-6/root/usr/lib/gcc/x86_64-redhat-linux/6.3.1/../../../:/lib/:/usr/lib/]
  ignore line: [COLLECT_GCC_OPTIONS='-v' '-rdynamic' '-o' 'cmTC_56e29' '-mtune=generic' '-march=x86-64']
  link line: [ /opt/rh/devtoolset-6/root/usr/libexec/gcc/x86_64-redhat-linux/6.3.1/collect2 -plugin /opt/rh/devtoolset-6/root/usr/libexec/gcc/x86_64-redhat-linux/6.3.1/liblto_plugin.so -plugin-opt=/opt/rh/devtoolset-6/root/usr/libexec/gcc/x86_64-redhat-linux/6.3.1/lto-wrapper -plugin-opt=-fresolution=/tmp/ccehncJb.res -plugin-opt=-pass-through=-lgcc -plugin-opt=-pass-through=-lgcc_s -plugin-opt=-pass-through=-lc -plugin-opt=-pass-through=-lgcc -plugin-opt=-pass-through=-lgcc_s --build-id --no-add-needed --eh-frame-hdr --hash-style=gnu -m elf_x86_64 -export-dynamic -dynamic-linker /lib64/ld-linux-x86-64.so.2 -o cmTC_56e29 /lib/../lib64/crt1.o /lib/../lib64/crti.o /opt/rh/devtoolset-6/root/usr/lib/gcc/x86_64-redhat-linux/6.3.1/crtbegin.o -L/opt/rh/devtoolset-6/root/usr/lib/gcc/x86_64-redhat-linux/6.3.1 -L/opt/rh/devtoolset-6/root/usr/lib/gcc/x86_64-redhat-linux/6.3.1/../../../../lib64 -L/lib/../lib64 -L/usr/lib/../lib64 -L/opt/rh/devtoolset-6/root/usr/lib/gcc/x86_64-redhat-linux/6.3.1/../../.. CMakeFiles/cmTC_56e29.dir/CMakeCCompilerABI.c.o -lgcc --as-needed -lgcc_s --no-as-needed -lc -lgcc --as-needed -lgcc_s --no-as-needed /opt/rh/devtoolset-6/root/usr/lib/gcc/x86_64-redhat-linux/6.3.1/crtend.o /lib/../lib64/crtn.o]
    arg [/opt/rh/devtoolset-6/root/usr/libexec/gcc/x86_64-redhat-linux/6.3.1/collect2] ==> ignore
    arg [-plugin] ==> ignore
    arg [/opt/rh/devtoolset-6/root/usr/libexec/gcc/x86_64-redhat-linux/6.3.1/liblto_plugin.so] ==> ignore
    arg [-plugin-opt=/opt/rh/devtoolset-6/root/usr/libexec/gcc/x86_64-redhat-linux/6.3.1/lto-wrapper] ==> ignore
    arg [-plugin-opt=-fresolution=/tmp/ccehncJb.res] ==> ignore
    arg [-plugin-opt=-pass-through=-lgcc] ==> ignore
    arg [-plugin-opt=-pass-through=-lgcc_s] ==> ignore
    arg [-plugin-opt=-pass-through=-lc] ==> ignore
    arg [-plugin-opt=-pass-through=-lgcc] ==> ignore
    arg [-plugin-opt=-pass-through=-lgcc_s] ==> ignore
    arg [--build-id] ==> ignore
    arg [--no-add-needed] ==> ignore
    arg [--eh-frame-hdr] ==> ignore
    arg [--hash-style=gnu] ==> ignore
    arg [-m] ==> ignore
    arg [elf_x86_64] ==> ignore
    arg [-export-dynamic] ==> ignore
    arg [-dynamic-linker] ==> ignore
    arg [/lib64/ld-linux-x86-64.so.2] ==> ignore
    arg [-o] ==> ignore
    arg [cmTC_56e29] ==> ignore
    arg [/lib/../lib64/crt1.o] ==> ignore
    arg [/lib/../lib64/crti.o] ==> ignore
    arg [/opt/rh/devtoolset-6/root/usr/lib/gcc/x86_64-redhat-linux/6.3.1/crtbegin.o] ==> ignore
    arg [-L/opt/rh/devtoolset-6/root/usr/lib/gcc/x86_64-redhat-linux/6.3.1] ==> dir [/opt/rh/devtoolset-6/root/usr/lib/gcc/x86_64-redhat-linux/6.3.1]
    arg [-L/opt/rh/devtoolset-6/root/usr/lib/gcc/x86_64-redhat-linux/6.3.1/../../../../lib64] ==> dir [/opt/rh/devtoolset-6/root/usr/lib/gcc/x86_64-redhat-linux/6.3.1/../../../../lib64]
    arg [-L/lib/../lib64] ==> dir [/lib/../lib64]
    arg [-L/usr/lib/../lib64] ==> dir [/usr/lib/../lib64]
    arg [-L/opt/rh/devtoolset-6/root/usr/lib/gcc/x86_64-redhat-linux/6.3.1/../../..] ==> dir [/opt/rh/devtoolset-6/root/usr/lib/gcc/x86_64-redhat-linux/6.3.1/../../..]
    arg [CMakeFiles/cmTC_56e29.dir/CMakeCCompilerABI.c.o] ==> ignore
    arg [-lgcc] ==> lib [gcc]
    arg [--as-needed] ==> ignore
    arg [-lgcc_s] ==> lib [gcc_s]
    arg [--no-as-needed] ==> ignore
    arg [-lc] ==> lib [c]
    arg [-lgcc] ==> lib [gcc]
    arg [--as-needed] ==> ignore
    arg [-lgcc_s] ==> lib [gcc_s]
    arg [--no-as-needed] ==> ignore
    arg [/opt/rh/devtoolset-6/root/usr/lib/gcc/x86_64-redhat-linux/6.3.1/crtend.o] ==> ignore
    arg [/lib/../lib64/crtn.o] ==> ignore
  collapse library dir [/opt/rh/devtoolset-6/root/usr/lib/gcc/x86_64-redhat-linux/6.3.1] ==> [/opt/rh/devtoolset-6/root/usr/lib/gcc/x86_64-redhat-linux/6.3.1]
  collapse library dir [/opt/rh/devtoolset-6/root/usr/lib/gcc/x86_64-redhat-linux/6.3.1/../../../../lib64] ==> [/opt/rh/devtoolset-6/root/usr/lib64]
  collapse library dir [/lib/../lib64] ==> [/lib64]
  collapse library dir [/usr/lib/../lib64] ==> [/usr/lib64]
  collapse library dir [/opt/rh/devtoolset-6/root/usr/lib/gcc/x86_64-redhat-linux/6.3.1/../../..] ==> [/opt/rh/devtoolset-6/root/usr/lib]
  implicit libs: [gcc;gcc_s;c;gcc;gcc_s]
  implicit dirs: [/opt/rh/devtoolset-6/root/usr/lib/gcc/x86_64-redhat-linux/6.3.1;/opt/rh/devtoolset-6/root/usr/lib64;/lib64;/usr/lib64;/opt/rh/devtoolset-6/root/usr/lib]
  implicit fwks: []


Determining if the CXX compiler works passed with the following output:
Change Dir: /home/csmajs/anguy589/lab-6-github-actions/CMakeFiles/CMakeTmp

Run Build Command(s):/opt/rh/devtoolset-6/root/usr/bin/gmake cmTC_9c671/fast && /opt/rh/devtoolset-6/root/usr/bin/gmake  -f CMakeFiles/cmTC_9c671.dir/build.make CMakeFiles/cmTC_9c671.dir/build
gmake[1]: Entering directory '/home/csmajs/anguy589/lab-6-github-actions/CMakeFiles/CMakeTmp'
Building CXX object CMakeFiles/cmTC_9c671.dir/testCXXCompiler.cxx.o
/opt/rh/devtoolset-6/root/usr/bin/c++     -o CMakeFiles/cmTC_9c671.dir/testCXXCompiler.cxx.o -c /home/csmajs/anguy589/lab-6-github-actions/CMakeFiles/CMakeTmp/testCXXCompiler.cxx
Linking CXX executable cmTC_9c671
/usr/bin/cmake3 -E cmake_link_script CMakeFiles/cmTC_9c671.dir/link.txt --verbose=1
/opt/rh/devtoolset-6/root/usr/bin/c++       -rdynamic CMakeFiles/cmTC_9c671.dir/testCXXCompiler.cxx.o  -o cmTC_9c671 
gmake[1]: Leaving directory '/home/csmajs/anguy589/lab-6-github-actions/CMakeFiles/CMakeTmp'



Detecting CXX compiler ABI info compiled with the following output:
Change Dir: /home/csmajs/anguy589/lab-6-github-actions/CMakeFiles/CMakeTmp

Run Build Command(s):/opt/rh/devtoolset-6/root/usr/bin/gmake cmTC_4168d/fast && /opt/rh/devtoolset-6/root/usr/bin/gmake  -f CMakeFiles/cmTC_4168d.dir/build.make CMakeFiles/cmTC_4168d.dir/build
gmake[1]: Entering directory '/home/csmajs/anguy589/lab-6-github-actions/CMakeFiles/CMakeTmp'
Building CXX object CMakeFiles/cmTC_4168d.dir/CMakeCXXCompilerABI.cpp.o
/opt/rh/devtoolset-6/root/usr/bin/c++    -v -o CMakeFiles/cmTC_4168d.dir/CMakeCXXCompilerABI.cpp.o -c /usr/share/cmake3/Modules/CMakeCXXCompilerABI.cpp
Using built-in specs.
COLLECT_GCC=/opt/rh/devtoolset-6/root/usr/bin/c++
Target: x86_64-redhat-linux
Configured with: ../configure --enable-bootstrap --enable-languages=c,c++,fortran,lto --prefix=/opt/rh/devtoolset-6/root/usr --mandir=/opt/rh/devtoolset-6/root/usr/share/man --infodir=/opt/rh/devtoolset-6/root/usr/share/info --with-bugurl=http://bugzilla.redhat.com/bugzilla --enable-shared --enable-threads=posix --enable-checking=release --enable-multilib --with-system-zlib --enable-__cxa_atexit --disable-libunwind-exceptions --enable-gnu-unique-object --enable-linker-build-id --enable-plugin --with-linker-hash-style=gnu --enable-initfini-array --disable-libgcj --with-default-libstdcxx-abi=gcc4-compatible --with-isl=/builddir/build/BUILD/gcc-6.3.1-20170216/obj-x86_64-redhat-linux/isl-install --enable-libmpx --enable-gnu-indirect-function --with-tune=generic --with-arch_32=i686 --build=x86_64-redhat-linux
Thread model: posix
gcc version 6.3.1 20170216 (Red Hat 6.3.1-3) (GCC) 
COLLECT_GCC_OPTIONS='-v' '-o' 'CMakeFiles/cmTC_4168d.dir/CMakeCXXCompilerABI.cpp.o' '-c' '-shared-libgcc' '-mtune=generic' '-march=x86-64'
 /opt/rh/devtoolset-6/root/usr/libexec/gcc/x86_64-redhat-linux/6.3.1/cc1plus -quiet -v -D_GNU_SOURCE /usr/share/cmake3/Modules/CMakeCXXCompilerABI.cpp -quiet -dumpbase CMakeCXXCompilerABI.cpp -mtune=generic -march=x86-64 -auxbase-strip CMakeFiles/cmTC_4168d.dir/CMakeCXXCompilerABI.cpp.o -version -o /tmp/ccVrC1mz.s
GNU C++14 (GCC) version 6.3.1 20170216 (Red Hat 6.3.1-3) (x86_64-redhat-linux)
	compiled by GNU C version 6.3.1 20170216 (Red Hat 6.3.1-3), GMP version 6.0.0, MPFR version 3.1.1, MPC version 1.0.1, isl version 0.14 or 0.13
GGC heuristics: --param ggc-min-expand=100 --param ggc-min-heapsize=131072
ignoring nonexistent directory "/opt/rh/devtoolset-6/root/usr/lib/gcc/x86_64-redhat-linux/6.3.1/include-fixed"
ignoring nonexistent directory "/opt/rh/devtoolset-6/root/usr/lib/gcc/x86_64-redhat-linux/6.3.1/../../../../x86_64-redhat-linux/include"
#include "..." search starts here:
#include <...> search starts here:
 /opt/rh/devtoolset-6/root/usr/lib/gcc/x86_64-redhat-linux/6.3.1/../../../../include/c++/6.3.1
 /opt/rh/devtoolset-6/root/usr/lib/gcc/x86_64-redhat-linux/6.3.1/../../../../include/c++/6.3.1/x86_64-redhat-linux
 /opt/rh/devtoolset-6/root/usr/lib/gcc/x86_64-redhat-linux/6.3.1/../../../../include/c++/6.3.1/backward
 /opt/rh/devtoolset-6/root/usr/lib/gcc/x86_64-redhat-linux/6.3.1/include
 /usr/local/include
 /opt/rh/devtoolset-6/root/usr/include
 /usr/include
End of search list.
GNU C++14 (GCC) version 6.3.1 20170216 (Red Hat 6.3.1-3) (x86_64-redhat-linux)
	compiled by GNU C version 6.3.1 20170216 (Red Hat 6.3.1-3), GMP version 6.0.0, MPFR version 3.1.1, MPC version 1.0.1, isl version 0.14 or 0.13
GGC heuristics: --param ggc-min-expand=100 --param ggc-min-heapsize=131072
Compiler executable checksum: a68b63195c158323cd63fe518b04b091
COLLECT_GCC_OPTIONS='-v' '-o' 'CMakeFiles/cmTC_4168d.dir/CMakeCXXCompilerABI.cpp.o' '-c' '-shared-libgcc' '-mtune=generic' '-march=x86-64'
 /opt/rh/devtoolset-6/root/usr/libexec/gcc/x86_64-redhat-linux/6.3.1/as -v --64 -o CMakeFiles/cmTC_4168d.dir/CMakeCXXCompilerABI.cpp.o /tmp/ccVrC1mz.s
GNU assembler version 2.27 (x86_64-redhat-linux) using BFD version version 2.27-12.el7.1
COMPILER_PATH=/opt/rh/devtoolset-6/root/usr/libexec/gcc/x86_64-redhat-linux/6.3.1/:/opt/rh/devtoolset-6/root/usr/libexec/gcc/x86_64-redhat-linux/6.3.1/:/opt/rh/devtoolset-6/root/usr/libexec/gcc/x86_64-redhat-linux/:/opt/rh/devtoolset-6/root/usr/lib/gcc/x86_64-redhat-linux/6.3.1/:/opt/rh/devtoolset-6/root/usr/lib/gcc/x86_64-redhat-linux/
LIBRARY_PATH=/opt/rh/devtoolset-6/root/usr/lib/gcc/x86_64-redhat-linux/6.3.1/:/opt/rh/devtoolset-6/root/usr/lib/gcc/x86_64-redhat-linux/6.3.1/../../../../lib64/:/lib/../lib64/:/usr/lib/../lib64/:/opt/rh/devtoolset-6/root/usr/lib/gcc/x86_64-redhat-linux/6.3.1/../../../:/lib/:/usr/lib/
COLLECT_GCC_OPTIONS='-v' '-o' 'CMakeFiles/cmTC_4168d.dir/CMakeCXXCompilerABI.cpp.o' '-c' '-shared-libgcc' '-mtune=generic' '-march=x86-64'
Linking CXX executable cmTC_4168d
/usr/bin/cmake3 -E cmake_link_script CMakeFiles/cmTC_4168d.dir/link.txt --verbose=1
/opt/rh/devtoolset-6/root/usr/bin/c++      -v -rdynamic CMakeFiles/cmTC_4168d.dir/CMakeCXXCompilerABI.cpp.o  -o cmTC_4168d 
Using built-in specs.
COLLECT_GCC=/opt/rh/devtoolset-6/root/usr/bin/c++
COLLECT_LTO_WRAPPER=/opt/rh/devtoolset-6/root/usr/libexec/gcc/x86_64-redhat-linux/6.3.1/lto-wrapper
Target: x86_64-redhat-linux
Configured with: ../configure --enable-bootstrap --enable-languages=c,c++,fortran,lto --prefix=/opt/rh/devtoolset-6/root/usr --mandir=/opt/rh/devtoolset-6/root/usr/share/man --infodir=/opt/rh/devtoolset-6/root/usr/share/info --with-bugurl=http://bugzilla.redhat.com/bugzilla --enable-shared --enable-threads=posix --enable-checking=release --enable-multilib --with-system-zlib --enable-__cxa_atexit --disable-libunwind-exceptions --enable-gnu-unique-object --enable-linker-build-id --enable-plugin --with-linker-hash-style=gnu --enable-initfini-array --disable-libgcj --with-default-libstdcxx-abi=gcc4-compatible --with-isl=/builddir/build/BUILD/gcc-6.3.1-20170216/obj-x86_64-redhat-linux/isl-install --enable-libmpx --enable-gnu-indirect-function --with-tune=generic --with-arch_32=i686 --build=x86_64-redhat-linux
Thread model: posix
gcc version 6.3.1 20170216 (Red Hat 6.3.1-3) (GCC) 
COMPILER_PATH=/opt/rh/devtoolset-6/root/usr/libexec/gcc/x86_64-redhat-linux/6.3.1/:/opt/rh/devtoolset-6/root/usr/libexec/gcc/x86_64-redhat-linux/6.3.1/:/opt/rh/devtoolset-6/root/usr/libexec/gcc/x86_64-redhat-linux/:/opt/rh/devtoolset-6/root/usr/lib/gcc/x86_64-redhat-linux/6.3.1/:/opt/rh/devtoolset-6/root/usr/lib/gcc/x86_64-redhat-linux/
LIBRARY_PATH=/opt/rh/devtoolset-6/root/usr/lib/gcc/x86_64-redhat-linux/6.3.1/:/opt/rh/devtoolset-6/root/usr/lib/gcc/x86_64-redhat-linux/6.3.1/../../../../lib64/:/lib/../lib64/:/usr/lib/../lib64/:/opt/rh/devtoolset-6/root/usr/lib/gcc/x86_64-redhat-linux/6.3.1/../../../:/lib/:/usr/lib/
COLLECT_GCC_OPTIONS='-v' '-rdynamic' '-o' 'cmTC_4168d' '-shared-libgcc' '-mtune=generic' '-march=x86-64'
 /opt/rh/devtoolset-6/root/usr/libexec/gcc/x86_64-redhat-linux/6.3.1/collect2 -plugin /opt/rh/devtoolset-6/root/usr/libexec/gcc/x86_64-redhat-linux/6.3.1/liblto_plugin.so -plugin-opt=/opt/rh/devtoolset-6/root/usr/libexec/gcc/x86_64-redhat-linux/6.3.1/lto-wrapper -plugin-opt=-fresolution=/tmp/ccs0z1cA.res -plugin-opt=-pass-through=-lgcc_s -plugin-opt=-pass-through=-lgcc -plugin-opt=-pass-through=-lc -plugin-opt=-pass-through=-lgcc_s -plugin-opt=-pass-through=-lgcc --build-id --no-add-needed --eh-frame-hdr --hash-style=gnu -m elf_x86_64 -export-dynamic -dynamic-linker /lib64/ld-linux-x86-64.so.2 -o cmTC_4168d /lib/../lib64/crt1.o /lib/../lib64/crti.o /opt/rh/devtoolset-6/root/usr/lib/gcc/x86_64-redhat-linux/6.3.1/crtbegin.o -L/opt/rh/devtoolset-6/root/usr/lib/gcc/x86_64-redhat-linux/6.3.1 -L/opt/rh/devtoolset-6/root/usr/lib/gcc/x86_64-redhat-linux/6.3.1/../../../../lib64 -L/lib/../lib64 -L/usr/lib/../lib64 -L/opt/rh/devtoolset-6/root/usr/lib/gcc/x86_64-redhat-linux/6.3.1/../../.. CMakeFiles/cmTC_4168d.dir/CMakeCXXCompilerABI.cpp.o -lstdc++ -lm -lgcc_s -lgcc -lc -lgcc_s -lgcc /opt/rh/devtoolset-6/root/usr/lib/gcc/x86_64-redhat-linux/6.3.1/crtend.o /lib/../lib64/crtn.o
COLLECT_GCC_OPTIONS='-v' '-rdynamic' '-o' 'cmTC_4168d' '-shared-libgcc' '-mtune=generic' '-march=x86-64'
gmake[1]: Leaving directory '/home/csmajs/anguy589/lab-6-github-actions/CMakeFiles/CMakeTmp'



Parsed CXX implicit include dir info from above output: rv=done
  found start of include info
  found start of implicit include info
    add: [/opt/rh/devtoolset-6/root/usr/lib/gcc/x86_64-redhat-linux/6.3.1/../../../../include/c++/6.3.1]
    add: [/opt/rh/devtoolset-6/root/usr/lib/gcc/x86_64-redhat-linux/6.3.1/../../../../include/c++/6.3.1/x86_64-redhat-linux]
    add: [/opt/rh/devtoolset-6/root/usr/lib/gcc/x86_64-redhat-linux/6.3.1/../../../../include/c++/6.3.1/backward]
    add: [/opt/rh/devtoolset-6/root/usr/lib/gcc/x86_64-redhat-linux/6.3.1/include]
    add: [/usr/local/include]
    add: [/opt/rh/devtoolset-6/root/usr/include]
    add: [/usr/include]
  end of search list found
  collapse include dir [/opt/rh/devtoolset-6/root/usr/lib/gcc/x86_64-redhat-linux/6.3.1/../../../../include/c++/6.3.1] ==> [/opt/rh/devtoolset-6/root/usr/include/c++/6.3.1]
  collapse include dir [/opt/rh/devtoolset-6/root/usr/lib/gcc/x86_64-redhat-linux/6.3.1/../../../../include/c++/6.3.1/x86_64-redhat-linux] ==> [/opt/rh/devtoolset-6/root/usr/include/c++/6.3.1/x86_64-redhat-linux]
  collapse include dir [/opt/rh/devtoolset-6/root/usr/lib/gcc/x86_64-redhat-linux/6.3.1/../../../../include/c++/6.3.1/backward] ==> [/opt/rh/devtoolset-6/root/usr/include/c++/6.3.1/backward]
  collapse include dir [/opt/rh/devtoolset-6/root/usr/lib/gcc/x86_64-redhat-linux/6.3.1/include] ==> [/opt/rh/devtoolset-6/root/usr/lib/gcc/x86_64-redhat-linux/6.3.1/include]
  collapse include dir [/usr/local/include] ==> [/usr/local/include]
  collapse include dir [/opt/rh/devtoolset-6/root/usr/include] ==> [/opt/rh/devtoolset-6/root/usr/include]
  collapse include dir [/usr/include] ==> [/usr/include]
  implicit include dirs: [/opt/rh/devtoolset-6/root/usr/include/c++/6.3.1;/opt/rh/devtoolset-6/root/usr/include/c++/6.3.1/x86_64-redhat-linux;/opt/rh/devtoolset-6/root/usr/include/c++/6.3.1/backward;/opt/rh/devtoolset-6/root/usr/lib/gcc/x86_64-redhat-linux/6.3.1/include;/usr/local/include;/opt/rh/devtoolset-6/root/usr/include;/usr/include]


Parsed CXX implicit link information from above output:
  link line regex: [^( *|.*[/\])(ld|CMAKE_LINK_STARTFILE-NOTFOUND|([^/\]+-)?ld|collect2)[^/\]*( |$)]
  ignore line: [Change Dir: /home/csmajs/anguy589/lab-6-github-actions/CMakeFiles/CMakeTmp]
  ignore line: []
  ignore line: [Run Build Command(s):/opt/rh/devtoolset-6/root/usr/bin/gmake cmTC_4168d/fast && /opt/rh/devtoolset-6/root/usr/bin/gmake  -f CMakeFiles/cmTC_4168d.dir/build.make CMakeFiles/cmTC_4168d.dir/build]
  ignore line: [gmake[1]: Entering directory '/home/csmajs/anguy589/lab-6-github-actions/CMakeFiles/CMakeTmp']
  ignore line: [Building CXX object CMakeFiles/cmTC_4168d.dir/CMakeCXXCompilerABI.cpp.o]
  ignore line: [/opt/rh/devtoolset-6/root/usr/bin/c++    -v -o CMakeFiles/cmTC_4168d.dir/CMakeCXXCompilerABI.cpp.o -c /usr/share/cmake3/Modules/CMakeCXXCompilerABI.cpp]
  ignore line: [Using built-in specs.]
  ignore line: [COLLECT_GCC=/opt/rh/devtoolset-6/root/usr/bin/c++]
  ignore line: [Target: x86_64-redhat-linux]
  ignore line: [Configured with: ../configure --enable-bootstrap --enable-languages=c c++ fortran lto --prefix=/opt/rh/devtoolset-6/root/usr --mandir=/opt/rh/devtoolset-6/root/usr/share/man --infodir=/opt/rh/devtoolset-6/root/usr/share/info --with-bugurl=http://bugzilla.redhat.com/bugzilla --enable-shared --enable-threads=posix --enable-checking=release --enable-multilib --with-system-zlib --enable-__cxa_atexit --disable-libunwind-exceptions --enable-gnu-unique-object --enable-linker-build-id --enable-plugin --with-linker-hash-style=gnu --enable-initfini-array --disable-libgcj --with-default-libstdcxx-abi=gcc4-compatible --with-isl=/builddir/build/BUILD/gcc-6.3.1-20170216/obj-x86_64-redhat-linux/isl-install --enable-libmpx --enable-gnu-indirect-function --with-tune=generic --with-arch_32=i686 --build=x86_64-redhat-linux]
  ignore line: [Thread model: posix]
  ignore line: [gcc version 6.3.1 20170216 (Red Hat 6.3.1-3) (GCC) ]
  ignore line: [COLLECT_GCC_OPTIONS='-v' '-o' 'CMakeFiles/cmTC_4168d.dir/CMakeCXXCompilerABI.cpp.o' '-c' '-shared-libgcc' '-mtune=generic' '-march=x86-64']
  ignore line: [ /opt/rh/devtoolset-6/root/usr/libexec/gcc/x86_64-redhat-linux/6.3.1/cc1plus -quiet -v -D_GNU_SOURCE /usr/share/cmake3/Modules/CMakeCXXCompilerABI.cpp -quiet -dumpbase CMakeCXXCompilerABI.cpp -mtune=generic -march=x86-64 -auxbase-strip CMakeFiles/cmTC_4168d.dir/CMakeCXXCompilerABI.cpp.o -version -o /tmp/ccVrC1mz.s]
  ignore line: [GNU C++14 (GCC) version 6.3.1 20170216 (Red Hat 6.3.1-3) (x86_64-redhat-linux)]
  ignore line: [	compiled by GNU C version 6.3.1 20170216 (Red Hat 6.3.1-3)  GMP version 6.0.0  MPFR version 3.1.1  MPC version 1.0.1  isl version 0.14 or 0.13]
  ignore line: [GGC heuristics: --param ggc-min-expand=100 --param ggc-min-heapsize=131072]
  ignore line: [ignoring nonexistent directory "/opt/rh/devtoolset-6/root/usr/lib/gcc/x86_64-redhat-linux/6.3.1/include-fixed"]
  ignore line: [ignoring nonexistent directory "/opt/rh/devtoolset-6/root/usr/lib/gcc/x86_64-redhat-linux/6.3.1/../../../../x86_64-redhat-linux/include"]
  ignore line: [#include "..." search starts here:]
  ignore line: [#include <...> search starts here:]
  ignore line: [ /opt/rh/devtoolset-6/root/usr/lib/gcc/x86_64-redhat-linux/6.3.1/../../../../include/c++/6.3.1]
  ignore line: [ /opt/rh/devtoolset-6/root/usr/lib/gcc/x86_64-redhat-linux/6.3.1/../../../../include/c++/6.3.1/x86_64-redhat-linux]
  ignore line: [ /opt/rh/devtoolset-6/root/usr/lib/gcc/x86_64-redhat-linux/6.3.1/../../../../include/c++/6.3.1/backward]
  ignore line: [ /opt/rh/devtoolset-6/root/usr/lib/gcc/x86_64-redhat-linux/6.3.1/include]
  ignore line: [ /usr/local/include]
  ignore line: [ /opt/rh/devtoolset-6/root/usr/include]
  ignore line: [ /usr/include]
  ignore line: [End of search list.]
  ignore line: [GNU C++14 (GCC) version 6.3.1 20170216 (Red Hat 6.3.1-3) (x86_64-redhat-linux)]
  ignore line: [	compiled by GNU C version 6.3.1 20170216 (Red Hat 6.3.1-3)  GMP version 6.0.0  MPFR version 3.1.1  MPC version 1.0.1  isl version 0.14 or 0.13]
  ignore line: [GGC heuristics: --param ggc-min-expand=100 --param ggc-min-heapsize=131072]
  ignore line: [Compiler executable checksum: a68b63195c158323cd63fe518b04b091]
  ignore line: [COLLECT_GCC_OPTIONS='-v' '-o' 'CMakeFiles/cmTC_4168d.dir/CMakeCXXCompilerABI.cpp.o' '-c' '-shared-libgcc' '-mtune=generic' '-march=x86-64']
  ignore line: [ /opt/rh/devtoolset-6/root/usr/libexec/gcc/x86_64-redhat-linux/6.3.1/as -v --64 -o CMakeFiles/cmTC_4168d.dir/CMakeCXXCompilerABI.cpp.o /tmp/ccVrC1mz.s]
  ignore line: [GNU assembler version 2.27 (x86_64-redhat-linux) using BFD version version 2.27-12.el7.1]
  ignore line: [COMPILER_PATH=/opt/rh/devtoolset-6/root/usr/libexec/gcc/x86_64-redhat-linux/6.3.1/:/opt/rh/devtoolset-6/root/usr/libexec/gcc/x86_64-redhat-linux/6.3.1/:/opt/rh/devtoolset-6/root/usr/libexec/gcc/x86_64-redhat-linux/:/opt/rh/devtoolset-6/root/usr/lib/gcc/x86_64-redhat-linux/6.3.1/:/opt/rh/devtoolset-6/root/usr/lib/gcc/x86_64-redhat-linux/]
  ignore line: [LIBRARY_PATH=/opt/rh/devtoolset-6/root/usr/lib/gcc/x86_64-redhat-linux/6.3.1/:/opt/rh/devtoolset-6/root/usr/lib/gcc/x86_64-redhat-linux/6.3.1/../../../../lib64/:/lib/../lib64/:/usr/lib/../lib64/:/opt/rh/devtoolset-6/root/usr/lib/gcc/x86_64-redhat-linux/6.3.1/../../../:/lib/:/usr/lib/]
  ignore line: [COLLECT_GCC_OPTIONS='-v' '-o' 'CMakeFiles/cmTC_4168d.dir/CMakeCXXCompilerABI.cpp.o' '-c' '-shared-libgcc' '-mtune=generic' '-march=x86-64']
  ignore line: [Linking CXX executable cmTC_4168d]
  ignore line: [/usr/bin/cmake3 -E cmake_link_script CMakeFiles/cmTC_4168d.dir/link.txt --verbose=1]
  ignore line: [/opt/rh/devtoolset-6/root/usr/bin/c++      -v -rdynamic CMakeFiles/cmTC_4168d.dir/CMakeCXXCompilerABI.cpp.o  -o cmTC_4168d ]
  ignore line: [Using built-in specs.]
  ignore line: [COLLECT_GCC=/opt/rh/devtoolset-6/root/usr/bin/c++]
  ignore line: [COLLECT_LTO_WRAPPER=/opt/rh/devtoolset-6/root/usr/libexec/gcc/x86_64-redhat-linux/6.3.1/lto-wrapper]
  ignore line: [Target: x86_64-redhat-linux]
  ignore line: [Configured with: ../configure --enable-bootstrap --enable-languages=c c++ fortran lto --prefix=/opt/rh/devtoolset-6/root/usr --mandir=/opt/rh/devtoolset-6/root/usr/share/man --infodir=/opt/rh/devtoolset-6/root/usr/share/info --with-bugurl=http://bugzilla.redhat.com/bugzilla --enable-shared --enable-threads=posix --enable-checking=release --enable-multilib --with-system-zlib --enable-__cxa_atexit --disable-libunwind-exceptions --enable-gnu-unique-object --enable-linker-build-id --enable-plugin --with-linker-hash-style=gnu --enable-initfini-array --disable-libgcj --with-default-libstdcxx-abi=gcc4-compatible --with-isl=/builddir/build/BUILD/gcc-6.3.1-20170216/obj-x86_64-redhat-linux/isl-install --enable-libmpx --enable-gnu-indirect-function --with-tune=generic --with-arch_32=i686 --build=x86_64-redhat-linux]
  ignore line: [Thread model: posix]
  ignore line: [gcc version 6.3.1 20170216 (Red Hat 6.3.1-3) (GCC) ]
  ignore line: [COMPILER_PATH=/opt/rh/devtoolset-6/root/usr/libexec/gcc/x86_64-redhat-linux/6.3.1/:/opt/rh/devtoolset-6/root/usr/libexec/gcc/x86_64-redhat-linux/6.3.1/:/opt/rh/devtoolset-6/root/usr/libexec/gcc/x86_64-redhat-linux/:/opt/rh/devtoolset-6/root/usr/lib/gcc/x86_64-redhat-linux/6.3.1/:/opt/rh/devtoolset-6/root/usr/lib/gcc/x86_64-redhat-linux/]
  ignore line: [LIBRARY_PATH=/opt/rh/devtoolset-6/root/usr/lib/gcc/x86_64-redhat-linux/6.3.1/:/opt/rh/devtoolset-6/root/usr/lib/gcc/x86_64-redhat-linux/6.3.1/../../../../lib64/:/lib/../lib64/:/usr/lib/../lib64/:/opt/rh/devtoolset-6/root/usr/lib/gcc/x86_64-redhat-linux/6.3.1/../../../:/lib/:/usr/lib/]
  ignore line: [COLLECT_GCC_OPTIONS='-v' '-rdynamic' '-o' 'cmTC_4168d' '-shared-libgcc' '-mtune=generic' '-march=x86-64']
  link line: [ /opt/rh/devtoolset-6/root/usr/libexec/gcc/x86_64-redhat-linux/6.3.1/collect2 -plugin /opt/rh/devtoolset-6/root/usr/libexec/gcc/x86_64-redhat-linux/6.3.1/liblto_plugin.so -plugin-opt=/opt/rh/devtoolset-6/root/usr/libexec/gcc/x86_64-redhat-linux/6.3.1/lto-wrapper -plugin-opt=-fresolution=/tmp/ccs0z1cA.res -plugin-opt=-pass-through=-lgcc_s -plugin-opt=-pass-through=-lgcc -plugin-opt=-pass-through=-lc -plugin-opt=-pass-through=-lgcc_s -plugin-opt=-pass-through=-lgcc --build-id --no-add-needed --eh-frame-hdr --hash-style=gnu -m elf_x86_64 -export-dynamic -dynamic-linker /lib64/ld-linux-x86-64.so.2 -o cmTC_4168d /lib/../lib64/crt1.o /lib/../lib64/crti.o /opt/rh/devtoolset-6/root/usr/lib/gcc/x86_64-redhat-linux/6.3.1/crtbegin.o -L/opt/rh/devtoolset-6/root/usr/lib/gcc/x86_64-redhat-linux/6.3.1 -L/opt/rh/devtoolset-6/root/usr/lib/gcc/x86_64-redhat-linux/6.3.1/../../../../lib64 -L/lib/../lib64 -L/usr/lib/../lib64 -L/opt/rh/devtoolset-6/root/usr/lib/gcc/x86_64-redhat-linux/6.3.1/../../.. CMakeFiles/cmTC_4168d.dir/CMakeCXXCompilerABI.cpp.o -lstdc++ -lm -lgcc_s -lgcc -lc -lgcc_s -lgcc /opt/rh/devtoolset-6/root/usr/lib/gcc/x86_64-redhat-linux/6.3.1/crtend.o /lib/../lib64/crtn.o]
    arg [/opt/rh/devtoolset-6/root/usr/libexec/gcc/x86_64-redhat-linux/6.3.1/collect2] ==> ignore
    arg [-plugin] ==> ignore
    arg [/opt/rh/devtoolset-6/root/usr/libexec/gcc/x86_64-redhat-linux/6.3.1/liblto_plugin.so] ==> ignore
    arg [-plugin-opt=/opt/rh/devtoolset-6/root/usr/libexec/gcc/x86_64-redhat-linux/6.3.1/lto-wrapper] ==> ignore
    arg [-plugin-opt=-fresolution=/tmp/ccs0z1cA.res] ==> ignore
    arg [-plugin-opt=-pass-through=-lgcc_s] ==> ignore
    arg [-plugin-opt=-pass-through=-lgcc] ==> ignore
    arg [-plugin-opt=-pass-through=-lc] ==> ignore
    arg [-plugin-opt=-pass-through=-lgcc_s] ==> ignore
    arg [-plugin-opt=-pass-through=-lgcc] ==> ignore
    arg [--build-id] ==> ignore
    arg [--no-add-needed] ==> ignore
    arg [--eh-frame-hdr] ==> ignore
    arg [--hash-style=gnu] ==> ignore
    arg [-m] ==> ignore
    arg [elf_x86_64] ==> ignore
    arg [-export-dynamic] ==> ignore
    arg [-dynamic-linker] ==> ignore
    arg [/lib64/ld-linux-x86-64.so.2] ==> ignore
    arg [-o] ==> ignore
    arg [cmTC_4168d] ==> ignore
    arg [/lib/../lib64/crt1.o] ==> ignore
    arg [/lib/../lib64/crti.o] ==> ignore
    arg [/opt/rh/devtoolset-6/root/usr/lib/gcc/x86_64-redhat-linux/6.3.1/crtbegin.o] ==> ignore
    arg [-L/opt/rh/devtoolset-6/root/usr/lib/gcc/x86_64-redhat-linux/6.3.1] ==> dir [/opt/rh/devtoolset-6/root/usr/lib/gcc/x86_64-redhat-linux/6.3.1]
    arg [-L/opt/rh/devtoolset-6/root/usr/lib/gcc/x86_64-redhat-linux/6.3.1/../../../../lib64] ==> dir [/opt/rh/devtoolset-6/root/usr/lib/gcc/x86_64-redhat-linux/6.3.1/../../../../lib64]
    arg [-L/lib/../lib64] ==> dir [/lib/../lib64]
    arg [-L/usr/lib/../lib64] ==> dir [/usr/lib/../lib64]
    arg [-L/opt/rh/devtoolset-6/root/usr/lib/gcc/x86_64-redhat-linux/6.3.1/../../..] ==> dir [/opt/rh/devtoolset-6/root/usr/lib/gcc/x86_64-redhat-linux/6.3.1/../../..]
    arg [CMakeFiles/cmTC_4168d.dir/CMakeCXXCompilerABI.cpp.o] ==> ignore
    arg [-lstdc++] ==> lib [stdc++]
    arg [-lm] ==> lib [m]
    arg [-lgcc_s] ==> lib [gcc_s]
    arg [-lgcc] ==> lib [gcc]
    arg [-lc] ==> lib [c]
    arg [-lgcc_s] ==> lib [gcc_s]
    arg [-lgcc] ==> lib [gcc]
    arg [/opt/rh/devtoolset-6/root/usr/lib/gcc/x86_64-redhat-linux/6.3.1/crtend.o] ==> ignore
    arg [/lib/../lib64/crtn.o] ==> ignore
  collapse library dir [/opt/rh/devtoolset-6/root/usr/lib/gcc/x86_64-redhat-linux/6.3.1] ==> [/opt/rh/devtoolset-6/root/usr/lib/gcc/x86_64-redhat-linux/6.3.1]
  collapse library dir [/opt/rh/devtoolset-6/root/usr/lib/gcc/x86_64-redhat-linux/6.3.1/../../../../lib64] ==> [/opt/rh/devtoolset-6/root/usr/lib64]
  collapse library dir [/lib/../lib64] ==> [/lib64]
  collapse library dir [/usr/lib/../lib64] ==> [/usr/lib64]
  collapse library dir [/opt/rh/devtoolset-6/root/usr/lib/gcc/x86_64-redhat-linux/6.3.1/../../..] ==> [/opt/rh/devtoolset-6/root/usr/lib]
  implicit libs: [stdc++;m;gcc_s;gcc;c;gcc_s;gcc]
  implicit dirs: [/opt/rh/devtoolset-6/root/usr/lib/gcc/x86_64-redhat-linux/6.3.1;/opt/rh/devtoolset-6/root/usr/lib64;/lib64;/usr/lib64;/opt/rh/devtoolset-6/root/usr/lib]
  implicit fwks: []


Determining if the include file pthread.h exists passed with the following output:
Change Dir: /home/csmajs/anguy589/lab-6-github-actions/CMakeFiles/CMakeTmp

Run Build Command(s):/opt/rh/devtoolset-6/root/usr/bin/gmake cmTC_330b5/fast && /opt/rh/devtoolset-6/root/usr/bin/gmake  -f CMakeFiles/cmTC_330b5.dir/build.make CMakeFiles/cmTC_330b5.dir/build
gmake[1]: Entering directory '/home/csmajs/anguy589/lab-6-github-actions/CMakeFiles/CMakeTmp'
Building C object CMakeFiles/cmTC_330b5.dir/CheckIncludeFile.c.o
/opt/rh/devtoolset-6/root/usr/bin/cc    -o CMakeFiles/cmTC_330b5.dir/CheckIncludeFile.c.o   -c /home/csmajs/anguy589/lab-6-github-actions/CMakeFiles/CMakeTmp/CheckIncludeFile.c
Linking C executable cmTC_330b5
/usr/bin/cmake3 -E cmake_link_script CMakeFiles/cmTC_330b5.dir/link.txt --verbose=1
/opt/rh/devtoolset-6/root/usr/bin/cc      -rdynamic CMakeFiles/cmTC_330b5.dir/CheckIncludeFile.c.o  -o cmTC_330b5 
gmake[1]: Leaving directory '/home/csmajs/anguy589/lab-6-github-actions/CMakeFiles/CMakeTmp'



Determining if the function pthread_create exists in the pthread passed with the following output:
Change Dir: /home/csmajs/anguy589/lab-6-github-actions/CMakeFiles/CMakeTmp

Run Build Command(s):/opt/rh/devtoolset-6/root/usr/bin/gmake cmTC_851f1/fast && /opt/rh/devtoolset-6/root/usr/bin/gmake  -f CMakeFiles/cmTC_851f1.dir/build.make CMakeFiles/cmTC_851f1.dir/build
gmake[1]: Entering directory '/home/csmajs/anguy589/lab-6-github-actions/CMakeFiles/CMakeTmp'
Building C object CMakeFiles/cmTC_851f1.dir/CheckFunctionExists.c.o
/opt/rh/devtoolset-6/root/usr/bin/cc   -DCHECK_FUNCTION_EXISTS=pthread_create   -o CMakeFiles/cmTC_851f1.dir/CheckFunctionExists.c.o   -c /usr/share/cmake3/Modules/CheckFunctionExists.c
Linking C executable cmTC_851f1
/usr/bin/cmake3 -E cmake_link_script CMakeFiles/cmTC_851f1.dir/link.txt --verbose=1
/opt/rh/devtoolset-6/root/usr/bin/cc  -DCHECK_FUNCTION_EXISTS=pthread_create    -rdynamic CMakeFiles/cmTC_851f1.dir/CheckFunctionExists.c.o  -o cmTC_851f1  -lpthread 
gmake[1]: Leaving directory '/home/csmajs/anguy589/lab-6-github-actions/CMakeFiles/CMakeTmp'



The system is: Linux - 3.10.0-1160.24.1.el7.x86_64 - x86_64
Compiling the C compiler identification source file "CMakeCCompilerId.c" succeeded.
Compiler: /opt/rh/devtoolset-6/root/usr/bin/cc 
Build flags: 
Id flags:  

The output was:
0


Compilation of the C compiler identification source "CMakeCCompilerId.c" produced "a.out"

The C compiler identification is GNU, found in "/home/csmajs/anguy589/lab-6-github-actions/CMakeFiles/3.17.5/CompilerIdC/a.out"

Compiling the CXX compiler identification source file "CMakeCXXCompilerId.cpp" succeeded.
Compiler: /opt/rh/devtoolset-6/root/usr/bin/c++ 
Build flags: 
Id flags:  

The output was:
0


Compilation of the CXX compiler identification source "CMakeCXXCompilerId.cpp" produced "a.out"

The CXX compiler identification is GNU, found in "/home/csmajs/anguy589/lab-6-github-actions/CMakeFiles/3.17.5/CompilerIdCXX/a.out"

Determining if the C compiler works passed with the following output:
Change Dir: /home/csmajs/anguy589/lab-6-github-actions/CMakeFiles/CMakeTmp

Run Build Command(s):/opt/rh/devtoolset-6/root/usr/bin/gmake cmTC_bac90/fast && /opt/rh/devtoolset-6/root/usr/bin/gmake  -f CMakeFiles/cmTC_bac90.dir/build.make CMakeFiles/cmTC_bac90.dir/build
gmake[1]: Entering directory '/home/csmajs/anguy589/lab-6-github-actions/CMakeFiles/CMakeTmp'
Building C object CMakeFiles/cmTC_bac90.dir/testCCompiler.c.o
/opt/rh/devtoolset-6/root/usr/bin/cc    -o CMakeFiles/cmTC_bac90.dir/testCCompiler.c.o   -c /home/csmajs/anguy589/lab-6-github-actions/CMakeFiles/CMakeTmp/testCCompiler.c
Linking C executable cmTC_bac90
/usr/bin/cmake3 -E cmake_link_script CMakeFiles/cmTC_bac90.dir/link.txt --verbose=1
/opt/rh/devtoolset-6/root/usr/bin/cc      -rdynamic CMakeFiles/cmTC_bac90.dir/testCCompiler.c.o  -o cmTC_bac90 
gmake[1]: Leaving directory '/home/csmajs/anguy589/lab-6-github-actions/CMakeFiles/CMakeTmp'



Detecting C compiler ABI info compiled with the following output:
Change Dir: /home/csmajs/anguy589/lab-6-github-actions/CMakeFiles/CMakeTmp

Run Build Command(s):/opt/rh/devtoolset-6/root/usr/bin/gmake cmTC_b582e/fast && /opt/rh/devtoolset-6/root/usr/bin/gmake  -f CMakeFiles/cmTC_b582e.dir/build.make CMakeFiles/cmTC_b582e.dir/build
gmake[1]: Entering directory '/home/csmajs/anguy589/lab-6-github-actions/CMakeFiles/CMakeTmp'
Building C object CMakeFiles/cmTC_b582e.dir/CMakeCCompilerABI.c.o
/opt/rh/devtoolset-6/root/usr/bin/cc   -v -o CMakeFiles/cmTC_b582e.dir/CMakeCCompilerABI.c.o   -c /usr/share/cmake3/Modules/CMakeCCompilerABI.c
Using built-in specs.
COLLECT_GCC=/opt/rh/devtoolset-6/root/usr/bin/cc
Target: x86_64-redhat-linux
Configured with: ../configure --enable-bootstrap --enable-languages=c,c++,fortran,lto --prefix=/opt/rh/devtoolset-6/root/usr --mandir=/opt/rh/devtoolset-6/root/usr/share/man --infodir=/opt/rh/devtoolset-6/root/usr/share/info --with-bugurl=http://bugzilla.redhat.com/bugzilla --enable-shared --enable-threads=posix --enable-checking=release --enable-multilib --with-system-zlib --enable-__cxa_atexit --disable-libunwind-exceptions --enable-gnu-unique-object --enable-linker-build-id --enable-plugin --with-linker-hash-style=gnu --enable-initfini-array --disable-libgcj --with-default-libstdcxx-abi=gcc4-compatible --with-isl=/builddir/build/BUILD/gcc-6.3.1-20170216/obj-x86_64-redhat-linux/isl-install --enable-libmpx --enable-gnu-indirect-function --with-tune=generic --with-arch_32=i686 --build=x86_64-redhat-linux
Thread model: posix
gcc version 6.3.1 20170216 (Red Hat 6.3.1-3) (GCC) 
COLLECT_GCC_OPTIONS='-v' '-o' 'CMakeFiles/cmTC_b582e.dir/CMakeCCompilerABI.c.o' '-c' '-mtune=generic' '-march=x86-64'
 /opt/rh/devtoolset-6/root/usr/libexec/gcc/x86_64-redhat-linux/6.3.1/cc1 -quiet -v /usr/share/cmake3/Modules/CMakeCCompilerABI.c -quiet -dumpbase CMakeCCompilerABI.c -mtune=generic -march=x86-64 -auxbase-strip CMakeFiles/cmTC_b582e.dir/CMakeCCompilerABI.c.o -version -o /tmp/cc9EU6kR.s
GNU C11 (GCC) version 6.3.1 20170216 (Red Hat 6.3.1-3) (x86_64-redhat-linux)
	compiled by GNU C version 6.3.1 20170216 (Red Hat 6.3.1-3), GMP version 6.0.0, MPFR version 3.1.1, MPC version 1.0.1, isl version 0.14 or 0.13
GGC heuristics: --param ggc-min-expand=100 --param ggc-min-heapsize=131072
ignoring nonexistent directory "/opt/rh/devtoolset-6/root/usr/lib/gcc/x86_64-redhat-linux/6.3.1/include-fixed"
ignoring nonexistent directory "/opt/rh/devtoolset-6/root/usr/lib/gcc/x86_64-redhat-linux/6.3.1/../../../../x86_64-redhat-linux/include"
#include "..." search starts here:
#include <...> search starts here:
 /opt/rh/devtoolset-6/root/usr/lib/gcc/x86_64-redhat-linux/6.3.1/include
 /usr/local/include
 /opt/rh/devtoolset-6/root/usr/include
 /usr/include
End of search list.
GNU C11 (GCC) version 6.3.1 20170216 (Red Hat 6.3.1-3) (x86_64-redhat-linux)
	compiled by GNU C version 6.3.1 20170216 (Red Hat 6.3.1-3), GMP version 6.0.0, MPFR version 3.1.1, MPC version 1.0.1, isl version 0.14 or 0.13
GGC heuristics: --param ggc-min-expand=100 --param ggc-min-heapsize=131072
Compiler executable checksum: 18ac54e10fc1f4b39548d3adfa3b2617
COLLECT_GCC_OPTIONS='-v' '-o' 'CMakeFiles/cmTC_b582e.dir/CMakeCCompilerABI.c.o' '-c' '-mtune=generic' '-march=x86-64'
 /opt/rh/devtoolset-6/root/usr/libexec/gcc/x86_64-redhat-linux/6.3.1/as -v --64 -o CMakeFiles/cmTC_b582e.dir/CMakeCCompilerABI.c.o /tmp/cc9EU6kR.s
GNU assembler version 2.27 (x86_64-redhat-linux) using BFD version version 2.27-12.el7.1
COMPILER_PATH=/opt/rh/devtoolset-6/root/usr/libexec/gcc/x86_64-redhat-linux/6.3.1/:/opt/rh/devtoolset-6/root/usr/libexec/gcc/x86_64-redhat-linux/6.3.1/:/opt/rh/devtoolset-6/root/usr/libexec/gcc/x86_64-redhat-linux/:/opt/rh/devtoolset-6/root/usr/lib/gcc/x86_64-redhat-linux/6.3.1/:/opt/rh/devtoolset-6/root/usr/lib/gcc/x86_64-redhat-linux/
LIBRARY_PATH=/opt/rh/devtoolset-6/root/usr/lib/gcc/x86_64-redhat-linux/6.3.1/:/opt/rh/devtoolset-6/root/usr/lib/gcc/x86_64-redhat-linux/6.3.1/../../../../lib64/:/lib/../lib64/:/usr/lib/../lib64/:/opt/rh/devtoolset-6/root/usr/lib/gcc/x86_64-redhat-linux/6.3.1/../../../:/lib/:/usr/lib/
COLLECT_GCC_OPTIONS='-v' '-o' 'CMakeFiles/cmTC_b582e.dir/CMakeCCompilerABI.c.o' '-c' '-mtune=generic' '-march=x86-64'
Linking C executable cmTC_b582e
/usr/bin/cmake3 -E cmake_link_script CMakeFiles/cmTC_b582e.dir/link.txt --verbose=1
/opt/rh/devtoolset-6/root/usr/bin/cc     -v -rdynamic CMakeFiles/cmTC_b582e.dir/CMakeCCompilerABI.c.o  -o cmTC_b582e 
Using built-in specs.
COLLECT_GCC=/opt/rh/devtoolset-6/root/usr/bin/cc
COLLECT_LTO_WRAPPER=/opt/rh/devtoolset-6/root/usr/libexec/gcc/x86_64-redhat-linux/6.3.1/lto-wrapper
Target: x86_64-redhat-linux
Configured with: ../configure --enable-bootstrap --enable-languages=c,c++,fortran,lto --prefix=/opt/rh/devtoolset-6/root/usr --mandir=/opt/rh/devtoolset-6/root/usr/share/man --infodir=/opt/rh/devtoolset-6/root/usr/share/info --with-bugurl=http://bugzilla.redhat.com/bugzilla --enable-shared --enable-threads=posix --enable-checking=release --enable-multilib --with-system-zlib --enable-__cxa_atexit --disable-libunwind-exceptions --enable-gnu-unique-object --enable-linker-build-id --enable-plugin --with-linker-hash-style=gnu --enable-initfini-array --disable-libgcj --with-default-libstdcxx-abi=gcc4-compatible --with-isl=/builddir/build/BUILD/gcc-6.3.1-20170216/obj-x86_64-redhat-linux/isl-install --enable-libmpx --enable-gnu-indirect-function --with-tune=generic --with-arch_32=i686 --build=x86_64-redhat-linux
Thread model: posix
gcc version 6.3.1 20170216 (Red Hat 6.3.1-3) (GCC) 
COMPILER_PATH=/opt/rh/devtoolset-6/root/usr/libexec/gcc/x86_64-redhat-linux/6.3.1/:/opt/rh/devtoolset-6/root/usr/libexec/gcc/x86_64-redhat-linux/6.3.1/:/opt/rh/devtoolset-6/root/usr/libexec/gcc/x86_64-redhat-linux/:/opt/rh/devtoolset-6/root/usr/lib/gcc/x86_64-redhat-linux/6.3.1/:/opt/rh/devtoolset-6/root/usr/lib/gcc/x86_64-redhat-linux/
LIBRARY_PATH=/opt/rh/devtoolset-6/root/usr/lib/gcc/x86_64-redhat-linux/6.3.1/:/opt/rh/devtoolset-6/root/usr/lib/gcc/x86_64-redhat-linux/6.3.1/../../../../lib64/:/lib/../lib64/:/usr/lib/../lib64/:/opt/rh/devtoolset-6/root/usr/lib/gcc/x86_64-redhat-linux/6.3.1/../../../:/lib/:/usr/lib/
COLLECT_GCC_OPTIONS='-v' '-rdynamic' '-o' 'cmTC_b582e' '-mtune=generic' '-march=x86-64'
 /opt/rh/devtoolset-6/root/usr/libexec/gcc/x86_64-redhat-linux/6.3.1/collect2 -plugin /opt/rh/devtoolset-6/root/usr/libexec/gcc/x86_64-redhat-linux/6.3.1/liblto_plugin.so -plugin-opt=/opt/rh/devtoolset-6/root/usr/libexec/gcc/x86_64-redhat-linux/6.3.1/lto-wrapper -plugin-opt=-fresolution=/tmp/ccJ6Ur9W.res -plugin-opt=-pass-through=-lgcc -plugin-opt=-pass-through=-lgcc_s -plugin-opt=-pass-through=-lc -plugin-opt=-pass-through=-lgcc -plugin-opt=-pass-through=-lgcc_s --build-id --no-add-needed --eh-frame-hdr --hash-style=gnu -m elf_x86_64 -export-dynamic -dynamic-linker /lib64/ld-linux-x86-64.so.2 -o cmTC_b582e /lib/../lib64/crt1.o /lib/../lib64/crti.o /opt/rh/devtoolset-6/root/usr/lib/gcc/x86_64-redhat-linux/6.3.1/crtbegin.o -L/opt/rh/devtoolset-6/root/usr/lib/gcc/x86_64-redhat-linux/6.3.1 -L/opt/rh/devtoolset-6/root/usr/lib/gcc/x86_64-redhat-linux/6.3.1/../../../../lib64 -L/lib/../lib64 -L/usr/lib/../lib64 -L/opt/rh/devtoolset-6/root/usr/lib/gcc/x86_64-redhat-linux/6.3.1/../../.. CMakeFiles/cmTC_b582e.dir/CMakeCCompilerABI.c.o -lgcc --as-needed -lgcc_s --no-as-needed -lc -lgcc --as-needed -lgcc_s --no-as-needed /opt/rh/devtoolset-6/root/usr/lib/gcc/x86_64-redhat-linux/6.3.1/crtend.o /lib/../lib64/crtn.o
COLLECT_GCC_OPTIONS='-v' '-rdynamic' '-o' 'cmTC_b582e' '-mtune=generic' '-march=x86-64'
gmake[1]: Leaving directory '/home/csmajs/anguy589/lab-6-github-actions/CMakeFiles/CMakeTmp'



Parsed C implicit include dir info from above output: rv=done
  found start of include info
  found start of implicit include info
    add: [/opt/rh/devtoolset-6/root/usr/lib/gcc/x86_64-redhat-linux/6.3.1/include]
    add: [/usr/local/include]
    add: [/opt/rh/devtoolset-6/root/usr/include]
    add: [/usr/include]
  end of search list found
  collapse include dir [/opt/rh/devtoolset-6/root/usr/lib/gcc/x86_64-redhat-linux/6.3.1/include] ==> [/opt/rh/devtoolset-6/root/usr/lib/gcc/x86_64-redhat-linux/6.3.1/include]
  collapse include dir [/usr/local/include] ==> [/usr/local/include]
  collapse include dir [/opt/rh/devtoolset-6/root/usr/include] ==> [/opt/rh/devtoolset-6/root/usr/include]
  collapse include dir [/usr/include] ==> [/usr/include]
  implicit include dirs: [/opt/rh/devtoolset-6/root/usr/lib/gcc/x86_64-redhat-linux/6.3.1/include;/usr/local/include;/opt/rh/devtoolset-6/root/usr/include;/usr/include]


Parsed C implicit link information from above output:
  link line regex: [^( *|.*[/\])(ld|CMAKE_LINK_STARTFILE-NOTFOUND|([^/\]+-)?ld|collect2)[^/\]*( |$)]
  ignore line: [Change Dir: /home/csmajs/anguy589/lab-6-github-actions/CMakeFiles/CMakeTmp]
  ignore line: []
  ignore line: [Run Build Command(s):/opt/rh/devtoolset-6/root/usr/bin/gmake cmTC_b582e/fast && /opt/rh/devtoolset-6/root/usr/bin/gmake  -f CMakeFiles/cmTC_b582e.dir/build.make CMakeFiles/cmTC_b582e.dir/build]
  ignore line: [gmake[1]: Entering directory '/home/csmajs/anguy589/lab-6-github-actions/CMakeFiles/CMakeTmp']
  ignore line: [Building C object CMakeFiles/cmTC_b582e.dir/CMakeCCompilerABI.c.o]
  ignore line: [/opt/rh/devtoolset-6/root/usr/bin/cc   -v -o CMakeFiles/cmTC_b582e.dir/CMakeCCompilerABI.c.o   -c /usr/share/cmake3/Modules/CMakeCCompilerABI.c]
  ignore line: [Using built-in specs.]
  ignore line: [COLLECT_GCC=/opt/rh/devtoolset-6/root/usr/bin/cc]
  ignore line: [Target: x86_64-redhat-linux]
  ignore line: [Configured with: ../configure --enable-bootstrap --enable-languages=c c++ fortran lto --prefix=/opt/rh/devtoolset-6/root/usr --mandir=/opt/rh/devtoolset-6/root/usr/share/man --infodir=/opt/rh/devtoolset-6/root/usr/share/info --with-bugurl=http://bugzilla.redhat.com/bugzilla --enable-shared --enable-threads=posix --enable-checking=release --enable-multilib --with-system-zlib --enable-__cxa_atexit --disable-libunwind-exceptions --enable-gnu-unique-object --enable-linker-build-id --enable-plugin --with-linker-hash-style=gnu --enable-initfini-array --disable-libgcj --with-default-libstdcxx-abi=gcc4-compatible --with-isl=/builddir/build/BUILD/gcc-6.3.1-20170216/obj-x86_64-redhat-linux/isl-install --enable-libmpx --enable-gnu-indirect-function --with-tune=generic --with-arch_32=i686 --build=x86_64-redhat-linux]
  ignore line: [Thread model: posix]
  ignore line: [gcc version 6.3.1 20170216 (Red Hat 6.3.1-3) (GCC) ]
  ignore line: [COLLECT_GCC_OPTIONS='-v' '-o' 'CMakeFiles/cmTC_b582e.dir/CMakeCCompilerABI.c.o' '-c' '-mtune=generic' '-march=x86-64']
  ignore line: [ /opt/rh/devtoolset-6/root/usr/libexec/gcc/x86_64-redhat-linux/6.3.1/cc1 -quiet -v /usr/share/cmake3/Modules/CMakeCCompilerABI.c -quiet -dumpbase CMakeCCompilerABI.c -mtune=generic -march=x86-64 -auxbase-strip CMakeFiles/cmTC_b582e.dir/CMakeCCompilerABI.c.o -version -o /tmp/cc9EU6kR.s]
  ignore line: [GNU C11 (GCC) version 6.3.1 20170216 (Red Hat 6.3.1-3) (x86_64-redhat-linux)]
  ignore line: [	compiled by GNU C version 6.3.1 20170216 (Red Hat 6.3.1-3)  GMP version 6.0.0  MPFR version 3.1.1  MPC version 1.0.1  isl version 0.14 or 0.13]
  ignore line: [GGC heuristics: --param ggc-min-expand=100 --param ggc-min-heapsize=131072]
  ignore line: [ignoring nonexistent directory "/opt/rh/devtoolset-6/root/usr/lib/gcc/x86_64-redhat-linux/6.3.1/include-fixed"]
  ignore line: [ignoring nonexistent directory "/opt/rh/devtoolset-6/root/usr/lib/gcc/x86_64-redhat-linux/6.3.1/../../../../x86_64-redhat-linux/include"]
  ignore line: [#include "..." search starts here:]
  ignore line: [#include <...> search starts here:]
  ignore line: [ /opt/rh/devtoolset-6/root/usr/lib/gcc/x86_64-redhat-linux/6.3.1/include]
  ignore line: [ /usr/local/include]
  ignore line: [ /opt/rh/devtoolset-6/root/usr/include]
  ignore line: [ /usr/include]
  ignore line: [End of search list.]
  ignore line: [GNU C11 (GCC) version 6.3.1 20170216 (Red Hat 6.3.1-3) (x86_64-redhat-linux)]
  ignore line: [	compiled by GNU C version 6.3.1 20170216 (Red Hat 6.3.1-3)  GMP version 6.0.0  MPFR version 3.1.1  MPC version 1.0.1  isl version 0.14 or 0.13]
  ignore line: [GGC heuristics: --param ggc-min-expand=100 --param ggc-min-heapsize=131072]
  ignore line: [Compiler executable checksum: 18ac54e10fc1f4b39548d3adfa3b2617]
  ignore line: [COLLECT_GCC_OPTIONS='-v' '-o' 'CMakeFiles/cmTC_b582e.dir/CMakeCCompilerABI.c.o' '-c' '-mtune=generic' '-march=x86-64']
  ignore line: [ /opt/rh/devtoolset-6/root/usr/libexec/gcc/x86_64-redhat-linux/6.3.1/as -v --64 -o CMakeFiles/cmTC_b582e.dir/CMakeCCompilerABI.c.o /tmp/cc9EU6kR.s]
  ignore line: [GNU assembler version 2.27 (x86_64-redhat-linux) using BFD version version 2.27-12.el7.1]
  ignore line: [COMPILER_PATH=/opt/rh/devtoolset-6/root/usr/libexec/gcc/x86_64-redhat-linux/6.3.1/:/opt/rh/devtoolset-6/root/usr/libexec/gcc/x86_64-redhat-linux/6.3.1/:/opt/rh/devtoolset-6/root/usr/libexec/gcc/x86_64-redhat-linux/:/opt/rh/devtoolset-6/root/usr/lib/gcc/x86_64-redhat-linux/6.3.1/:/opt/rh/devtoolset-6/root/usr/lib/gcc/x86_64-redhat-linux/]
  ignore line: [LIBRARY_PATH=/opt/rh/devtoolset-6/root/usr/lib/gcc/x86_64-redhat-linux/6.3.1/:/opt/rh/devtoolset-6/root/usr/lib/gcc/x86_64-redhat-linux/6.3.1/../../../../lib64/:/lib/../lib64/:/usr/lib/../lib64/:/opt/rh/devtoolset-6/root/usr/lib/gcc/x86_64-redhat-linux/6.3.1/../../../:/lib/:/usr/lib/]
  ignore line: [COLLECT_GCC_OPTIONS='-v' '-o' 'CMakeFiles/cmTC_b582e.dir/CMakeCCompilerABI.c.o' '-c' '-mtune=generic' '-march=x86-64']
  ignore line: [Linking C executable cmTC_b582e]
  ignore line: [/usr/bin/cmake3 -E cmake_link_script CMakeFiles/cmTC_b582e.dir/link.txt --verbose=1]
  ignore line: [/opt/rh/devtoolset-6/root/usr/bin/cc     -v -rdynamic CMakeFiles/cmTC_b582e.dir/CMakeCCompilerABI.c.o  -o cmTC_b582e ]
  ignore line: [Using built-in specs.]
  ignore line: [COLLECT_GCC=/opt/rh/devtoolset-6/root/usr/bin/cc]
  ignore line: [COLLECT_LTO_WRAPPER=/opt/rh/devtoolset-6/root/usr/libexec/gcc/x86_64-redhat-linux/6.3.1/lto-wrapper]
  ignore line: [Target: x86_64-redhat-linux]
  ignore line: [Configured with: ../configure --enable-bootstrap --enable-languages=c c++ fortran lto --prefix=/opt/rh/devtoolset-6/root/usr --mandir=/opt/rh/devtoolset-6/root/usr/share/man --infodir=/opt/rh/devtoolset-6/root/usr/share/info --with-bugurl=http://bugzilla.redhat.com/bugzilla --enable-shared --enable-threads=posix --enable-checking=release --enable-multilib --with-system-zlib --enable-__cxa_atexit --disable-libunwind-exceptions --enable-gnu-unique-object --enable-linker-build-id --enable-plugin --with-linker-hash-style=gnu --enable-initfini-array --disable-libgcj --with-default-libstdcxx-abi=gcc4-compatible --with-isl=/builddir/build/BUILD/gcc-6.3.1-20170216/obj-x86_64-redhat-linux/isl-install --enable-libmpx --enable-gnu-indirect-function --with-tune=generic --with-arch_32=i686 --build=x86_64-redhat-linux]
  ignore line: [Thread model: posix]
  ignore line: [gcc version 6.3.1 20170216 (Red Hat 6.3.1-3) (GCC) ]
  ignore line: [COMPILER_PATH=/opt/rh/devtoolset-6/root/usr/libexec/gcc/x86_64-redhat-linux/6.3.1/:/opt/rh/devtoolset-6/root/usr/libexec/gcc/x86_64-redhat-linux/6.3.1/:/opt/rh/devtoolset-6/root/usr/libexec/gcc/x86_64-redhat-linux/:/opt/rh/devtoolset-6/root/usr/lib/gcc/x86_64-redhat-linux/6.3.1/:/opt/rh/devtoolset-6/root/usr/lib/gcc/x86_64-redhat-linux/]
  ignore line: [LIBRARY_PATH=/opt/rh/devtoolset-6/root/usr/lib/gcc/x86_64-redhat-linux/6.3.1/:/opt/rh/devtoolset-6/root/usr/lib/gcc/x86_64-redhat-linux/6.3.1/../../../../lib64/:/lib/../lib64/:/usr/lib/../lib64/:/opt/rh/devtoolset-6/root/usr/lib/gcc/x86_64-redhat-linux/6.3.1/../../../:/lib/:/usr/lib/]
  ignore line: [COLLECT_GCC_OPTIONS='-v' '-rdynamic' '-o' 'cmTC_b582e' '-mtune=generic' '-march=x86-64']
  link line: [ /opt/rh/devtoolset-6/root/usr/libexec/gcc/x86_64-redhat-linux/6.3.1/collect2 -plugin /opt/rh/devtoolset-6/root/usr/libexec/gcc/x86_64-redhat-linux/6.3.1/liblto_plugin.so -plugin-opt=/opt/rh/devtoolset-6/root/usr/libexec/gcc/x86_64-redhat-linux/6.3.1/lto-wrapper -plugin-opt=-fresolution=/tmp/ccJ6Ur9W.res -plugin-opt=-pass-through=-lgcc -plugin-opt=-pass-through=-lgcc_s -plugin-opt=-pass-through=-lc -plugin-opt=-pass-through=-lgcc -plugin-opt=-pass-through=-lgcc_s --build-id --no-add-needed --eh-frame-hdr --hash-style=gnu -m elf_x86_64 -export-dynamic -dynamic-linker /lib64/ld-linux-x86-64.so.2 -o cmTC_b582e /lib/../lib64/crt1.o /lib/../lib64/crti.o /opt/rh/devtoolset-6/root/usr/lib/gcc/x86_64-redhat-linux/6.3.1/crtbegin.o -L/opt/rh/devtoolset-6/root/usr/lib/gcc/x86_64-redhat-linux/6.3.1 -L/opt/rh/devtoolset-6/root/usr/lib/gcc/x86_64-redhat-linux/6.3.1/../../../../lib64 -L/lib/../lib64 -L/usr/lib/../lib64 -L/opt/rh/devtoolset-6/root/usr/lib/gcc/x86_64-redhat-linux/6.3.1/../../.. CMakeFiles/cmTC_b582e.dir/CMakeCCompilerABI.c.o -lgcc --as-needed -lgcc_s --no-as-needed -lc -lgcc --as-needed -lgcc_s --no-as-needed /opt/rh/devtoolset-6/root/usr/lib/gcc/x86_64-redhat-linux/6.3.1/crtend.o /lib/../lib64/crtn.o]
    arg [/opt/rh/devtoolset-6/root/usr/libexec/gcc/x86_64-redhat-linux/6.3.1/collect2] ==> ignore
    arg [-plugin] ==> ignore
    arg [/opt/rh/devtoolset-6/root/usr/libexec/gcc/x86_64-redhat-linux/6.3.1/liblto_plugin.so] ==> ignore
    arg [-plugin-opt=/opt/rh/devtoolset-6/root/usr/libexec/gcc/x86_64-redhat-linux/6.3.1/lto-wrapper] ==> ignore
    arg [-plugin-opt=-fresolution=/tmp/ccJ6Ur9W.res] ==> ignore
    arg [-plugin-opt=-pass-through=-lgcc] ==> ignore
    arg [-plugin-opt=-pass-through=-lgcc_s] ==> ignore
    arg [-plugin-opt=-pass-through=-lc] ==> ignore
    arg [-plugin-opt=-pass-through=-lgcc] ==> ignore
    arg [-plugin-opt=-pass-through=-lgcc_s] ==> ignore
    arg [--build-id] ==> ignore
    arg [--no-add-needed] ==> ignore
    arg [--eh-frame-hdr] ==> ignore
    arg [--hash-style=gnu] ==> ignore
    arg [-m] ==> ignore
    arg [elf_x86_64] ==> ignore
    arg [-export-dynamic] ==> ignore
    arg [-dynamic-linker] ==> ignore
    arg [/lib64/ld-linux-x86-64.so.2] ==> ignore
    arg [-o] ==> ignore
    arg [cmTC_b582e] ==> ignore
    arg [/lib/../lib64/crt1.o] ==> ignore
    arg [/lib/../lib64/crti.o] ==> ignore
    arg [/opt/rh/devtoolset-6/root/usr/lib/gcc/x86_64-redhat-linux/6.3.1/crtbegin.o] ==> ignore
    arg [-L/opt/rh/devtoolset-6/root/usr/lib/gcc/x86_64-redhat-linux/6.3.1] ==> dir [/opt/rh/devtoolset-6/root/usr/lib/gcc/x86_64-redhat-linux/6.3.1]
    arg [-L/opt/rh/devtoolset-6/root/usr/lib/gcc/x86_64-redhat-linux/6.3.1/../../../../lib64] ==> dir [/opt/rh/devtoolset-6/root/usr/lib/gcc/x86_64-redhat-linux/6.3.1/../../../../lib64]
    arg [-L/lib/../lib64] ==> dir [/lib/../lib64]
    arg [-L/usr/lib/../lib64] ==> dir [/usr/lib/../lib64]
    arg [-L/opt/rh/devtoolset-6/root/usr/lib/gcc/x86_64-redhat-linux/6.3.1/../../..] ==> dir [/opt/rh/devtoolset-6/root/usr/lib/gcc/x86_64-redhat-linux/6.3.1/../../..]
    arg [CMakeFiles/cmTC_b582e.dir/CMakeCCompilerABI.c.o] ==> ignore
    arg [-lgcc] ==> lib [gcc]
    arg [--as-needed] ==> ignore
    arg [-lgcc_s] ==> lib [gcc_s]
    arg [--no-as-needed] ==> ignore
    arg [-lc] ==> lib [c]
    arg [-lgcc] ==> lib [gcc]
    arg [--as-needed] ==> ignore
    arg [-lgcc_s] ==> lib [gcc_s]
    arg [--no-as-needed] ==> ignore
    arg [/opt/rh/devtoolset-6/root/usr/lib/gcc/x86_64-redhat-linux/6.3.1/crtend.o] ==> ignore
    arg [/lib/../lib64/crtn.o] ==> ignore
  collapse library dir [/opt/rh/devtoolset-6/root/usr/lib/gcc/x86_64-redhat-linux/6.3.1] ==> [/opt/rh/devtoolset-6/root/usr/lib/gcc/x86_64-redhat-linux/6.3.1]
  collapse library dir [/opt/rh/devtoolset-6/root/usr/lib/gcc/x86_64-redhat-linux/6.3.1/../../../../lib64] ==> [/opt/rh/devtoolset-6/root/usr/lib64]
  collapse library dir [/lib/../lib64] ==> [/lib64]
  collapse library dir [/usr/lib/../lib64] ==> [/usr/lib64]
  collapse library dir [/opt/rh/devtoolset-6/root/usr/lib/gcc/x86_64-redhat-linux/6.3.1/../../..] ==> [/opt/rh/devtoolset-6/root/usr/lib]
  implicit libs: [gcc;gcc_s;c;gcc;gcc_s]
  implicit dirs: [/opt/rh/devtoolset-6/root/usr/lib/gcc/x86_64-redhat-linux/6.3.1;/opt/rh/devtoolset-6/root/usr/lib64;/lib64;/usr/lib64;/opt/rh/devtoolset-6/root/usr/lib]
  implicit fwks: []


Determining if the CXX compiler works passed with the following output:
Change Dir: /home/csmajs/anguy589/lab-6-github-actions/CMakeFiles/CMakeTmp

Run Build Command(s):/opt/rh/devtoolset-6/root/usr/bin/gmake cmTC_52b5f/fast && /opt/rh/devtoolset-6/root/usr/bin/gmake  -f CMakeFiles/cmTC_52b5f.dir/build.make CMakeFiles/cmTC_52b5f.dir/build
gmake[1]: Entering directory '/home/csmajs/anguy589/lab-6-github-actions/CMakeFiles/CMakeTmp'
Building CXX object CMakeFiles/cmTC_52b5f.dir/testCXXCompiler.cxx.o
/opt/rh/devtoolset-6/root/usr/bin/c++     -o CMakeFiles/cmTC_52b5f.dir/testCXXCompiler.cxx.o -c /home/csmajs/anguy589/lab-6-github-actions/CMakeFiles/CMakeTmp/testCXXCompiler.cxx
Linking CXX executable cmTC_52b5f
/usr/bin/cmake3 -E cmake_link_script CMakeFiles/cmTC_52b5f.dir/link.txt --verbose=1
/opt/rh/devtoolset-6/root/usr/bin/c++       -rdynamic CMakeFiles/cmTC_52b5f.dir/testCXXCompiler.cxx.o  -o cmTC_52b5f 
gmake[1]: Leaving directory '/home/csmajs/anguy589/lab-6-github-actions/CMakeFiles/CMakeTmp'



Detecting CXX compiler ABI info compiled with the following output:
Change Dir: /home/csmajs/anguy589/lab-6-github-actions/CMakeFiles/CMakeTmp

Run Build Command(s):/opt/rh/devtoolset-6/root/usr/bin/gmake cmTC_ba878/fast && /opt/rh/devtoolset-6/root/usr/bin/gmake  -f CMakeFiles/cmTC_ba878.dir/build.make CMakeFiles/cmTC_ba878.dir/build
gmake[1]: Entering directory '/home/csmajs/anguy589/lab-6-github-actions/CMakeFiles/CMakeTmp'
Building CXX object CMakeFiles/cmTC_ba878.dir/CMakeCXXCompilerABI.cpp.o
/opt/rh/devtoolset-6/root/usr/bin/c++    -v -o CMakeFiles/cmTC_ba878.dir/CMakeCXXCompilerABI.cpp.o -c /usr/share/cmake3/Modules/CMakeCXXCompilerABI.cpp
Using built-in specs.
COLLECT_GCC=/opt/rh/devtoolset-6/root/usr/bin/c++
Target: x86_64-redhat-linux
Configured with: ../configure --enable-bootstrap --enable-languages=c,c++,fortran,lto --prefix=/opt/rh/devtoolset-6/root/usr --mandir=/opt/rh/devtoolset-6/root/usr/share/man --infodir=/opt/rh/devtoolset-6/root/usr/share/info --with-bugurl=http://bugzilla.redhat.com/bugzilla --enable-shared --enable-threads=posix --enable-checking=release --enable-multilib --with-system-zlib --enable-__cxa_atexit --disable-libunwind-exceptions --enable-gnu-unique-object --enable-linker-build-id --enable-plugin --with-linker-hash-style=gnu --enable-initfini-array --disable-libgcj --with-default-libstdcxx-abi=gcc4-compatible --with-isl=/builddir/build/BUILD/gcc-6.3.1-20170216/obj-x86_64-redhat-linux/isl-install --enable-libmpx --enable-gnu-indirect-function --with-tune=generic --with-arch_32=i686 --build=x86_64-redhat-linux
Thread model: posix
gcc version 6.3.1 20170216 (Red Hat 6.3.1-3) (GCC) 
COLLECT_GCC_OPTIONS='-v' '-o' 'CMakeFiles/cmTC_ba878.dir/CMakeCXXCompilerABI.cpp.o' '-c' '-shared-libgcc' '-mtune=generic' '-march=x86-64'
 /opt/rh/devtoolset-6/root/usr/libexec/gcc/x86_64-redhat-linux/6.3.1/cc1plus -quiet -v -D_GNU_SOURCE /usr/share/cmake3/Modules/CMakeCXXCompilerABI.cpp -quiet -dumpbase CMakeCXXCompilerABI.cpp -mtune=generic -march=x86-64 -auxbase-strip CMakeFiles/cmTC_ba878.dir/CMakeCXXCompilerABI.cpp.o -version -o /tmp/cc26dOu8.s
GNU C++14 (GCC) version 6.3.1 20170216 (Red Hat 6.3.1-3) (x86_64-redhat-linux)
	compiled by GNU C version 6.3.1 20170216 (Red Hat 6.3.1-3), GMP version 6.0.0, MPFR version 3.1.1, MPC version 1.0.1, isl version 0.14 or 0.13
GGC heuristics: --param ggc-min-expand=100 --param ggc-min-heapsize=131072
ignoring nonexistent directory "/opt/rh/devtoolset-6/root/usr/lib/gcc/x86_64-redhat-linux/6.3.1/include-fixed"
ignoring nonexistent directory "/opt/rh/devtoolset-6/root/usr/lib/gcc/x86_64-redhat-linux/6.3.1/../../../../x86_64-redhat-linux/include"
#include "..." search starts here:
#include <...> search starts here:
 /opt/rh/devtoolset-6/root/usr/lib/gcc/x86_64-redhat-linux/6.3.1/../../../../include/c++/6.3.1
 /opt/rh/devtoolset-6/root/usr/lib/gcc/x86_64-redhat-linux/6.3.1/../../../../include/c++/6.3.1/x86_64-redhat-linux
 /opt/rh/devtoolset-6/root/usr/lib/gcc/x86_64-redhat-linux/6.3.1/../../../../include/c++/6.3.1/backward
 /opt/rh/devtoolset-6/root/usr/lib/gcc/x86_64-redhat-linux/6.3.1/include
 /usr/local/include
 /opt/rh/devtoolset-6/root/usr/include
 /usr/include
End of search list.
GNU C++14 (GCC) version 6.3.1 20170216 (Red Hat 6.3.1-3) (x86_64-redhat-linux)
	compiled by GNU C version 6.3.1 20170216 (Red Hat 6.3.1-3), GMP version 6.0.0, MPFR version 3.1.1, MPC version 1.0.1, isl version 0.14 or 0.13
GGC heuristics: --param ggc-min-expand=100 --param ggc-min-heapsize=131072
Compiler executable checksum: a68b63195c158323cd63fe518b04b091
COLLECT_GCC_OPTIONS='-v' '-o' 'CMakeFiles/cmTC_ba878.dir/CMakeCXXCompilerABI.cpp.o' '-c' '-shared-libgcc' '-mtune=generic' '-march=x86-64'
 /opt/rh/devtoolset-6/root/usr/libexec/gcc/x86_64-redhat-linux/6.3.1/as -v --64 -o CMakeFiles/cmTC_ba878.dir/CMakeCXXCompilerABI.cpp.o /tmp/cc26dOu8.s
GNU assembler version 2.27 (x86_64-redhat-linux) using BFD version version 2.27-12.el7.1
COMPILER_PATH=/opt/rh/devtoolset-6/root/usr/libexec/gcc/x86_64-redhat-linux/6.3.1/:/opt/rh/devtoolset-6/root/usr/libexec/gcc/x86_64-redhat-linux/6.3.1/:/opt/rh/devtoolset-6/root/usr/libexec/gcc/x86_64-redhat-linux/:/opt/rh/devtoolset-6/root/usr/lib/gcc/x86_64-redhat-linux/6.3.1/:/opt/rh/devtoolset-6/root/usr/lib/gcc/x86_64-redhat-linux/
LIBRARY_PATH=/opt/rh/devtoolset-6/root/usr/lib/gcc/x86_64-redhat-linux/6.3.1/:/opt/rh/devtoolset-6/root/usr/lib/gcc/x86_64-redhat-linux/6.3.1/../../../../lib64/:/lib/../lib64/:/usr/lib/../lib64/:/opt/rh/devtoolset-6/root/usr/lib/gcc/x86_64-redhat-linux/6.3.1/../../../:/lib/:/usr/lib/
COLLECT_GCC_OPTIONS='-v' '-o' 'CMakeFiles/cmTC_ba878.dir/CMakeCXXCompilerABI.cpp.o' '-c' '-shared-libgcc' '-mtune=generic' '-march=x86-64'
Linking CXX executable cmTC_ba878
/usr/bin/cmake3 -E cmake_link_script CMakeFiles/cmTC_ba878.dir/link.txt --verbose=1
/opt/rh/devtoolset-6/root/usr/bin/c++      -v -rdynamic CMakeFiles/cmTC_ba878.dir/CMakeCXXCompilerABI.cpp.o  -o cmTC_ba878 
Using built-in specs.
COLLECT_GCC=/opt/rh/devtoolset-6/root/usr/bin/c++
COLLECT_LTO_WRAPPER=/opt/rh/devtoolset-6/root/usr/libexec/gcc/x86_64-redhat-linux/6.3.1/lto-wrapper
Target: x86_64-redhat-linux
Configured with: ../configure --enable-bootstrap --enable-languages=c,c++,fortran,lto --prefix=/opt/rh/devtoolset-6/root/usr --mandir=/opt/rh/devtoolset-6/root/usr/share/man --infodir=/opt/rh/devtoolset-6/root/usr/share/info --with-bugurl=http://bugzilla.redhat.com/bugzilla --enable-shared --enable-threads=posix --enable-checking=release --enable-multilib --with-system-zlib --enable-__cxa_atexit --disable-libunwind-exceptions --enable-gnu-unique-object --enable-linker-build-id --enable-plugin --with-linker-hash-style=gnu --enable-initfini-array --disable-libgcj --with-default-libstdcxx-abi=gcc4-compatible --with-isl=/builddir/build/BUILD/gcc-6.3.1-20170216/obj-x86_64-redhat-linux/isl-install --enable-libmpx --enable-gnu-indirect-function --with-tune=generic --with-arch_32=i686 --build=x86_64-redhat-linux
Thread model: posix
gcc version 6.3.1 20170216 (Red Hat 6.3.1-3) (GCC) 
COMPILER_PATH=/opt/rh/devtoolset-6/root/usr/libexec/gcc/x86_64-redhat-linux/6.3.1/:/opt/rh/devtoolset-6/root/usr/libexec/gcc/x86_64-redhat-linux/6.3.1/:/opt/rh/devtoolset-6/root/usr/libexec/gcc/x86_64-redhat-linux/:/opt/rh/devtoolset-6/root/usr/lib/gcc/x86_64-redhat-linux/6.3.1/:/opt/rh/devtoolset-6/root/usr/lib/gcc/x86_64-redhat-linux/
LIBRARY_PATH=/opt/rh/devtoolset-6/root/usr/lib/gcc/x86_64-redhat-linux/6.3.1/:/opt/rh/devtoolset-6/root/usr/lib/gcc/x86_64-redhat-linux/6.3.1/../../../../lib64/:/lib/../lib64/:/usr/lib/../lib64/:/opt/rh/devtoolset-6/root/usr/lib/gcc/x86_64-redhat-linux/6.3.1/../../../:/lib/:/usr/lib/
COLLECT_GCC_OPTIONS='-v' '-rdynamic' '-o' 'cmTC_ba878' '-shared-libgcc' '-mtune=generic' '-march=x86-64'
 /opt/rh/devtoolset-6/root/usr/libexec/gcc/x86_64-redhat-linux/6.3.1/collect2 -plugin /opt/rh/devtoolset-6/root/usr/libexec/gcc/x86_64-redhat-linux/6.3.1/liblto_plugin.so -plugin-opt=/opt/rh/devtoolset-6/root/usr/libexec/gcc/x86_64-redhat-linux/6.3.1/lto-wrapper -plugin-opt=-fresolution=/tmp/cc1jVxYc.res -plugin-opt=-pass-through=-lgcc_s -plugin-opt=-pass-through=-lgcc -plugin-opt=-pass-through=-lc -plugin-opt=-pass-through=-lgcc_s -plugin-opt=-pass-through=-lgcc --build-id --no-add-needed --eh-frame-hdr --hash-style=gnu -m elf_x86_64 -export-dynamic -dynamic-linker /lib64/ld-linux-x86-64.so.2 -o cmTC_ba878 /lib/../lib64/crt1.o /lib/../lib64/crti.o /opt/rh/devtoolset-6/root/usr/lib/gcc/x86_64-redhat-linux/6.3.1/crtbegin.o -L/opt/rh/devtoolset-6/root/usr/lib/gcc/x86_64-redhat-linux/6.3.1 -L/opt/rh/devtoolset-6/root/usr/lib/gcc/x86_64-redhat-linux/6.3.1/../../../../lib64 -L/lib/../lib64 -L/usr/lib/../lib64 -L/opt/rh/devtoolset-6/root/usr/lib/gcc/x86_64-redhat-linux/6.3.1/../../.. CMakeFiles/cmTC_ba878.dir/CMakeCXXCompilerABI.cpp.o -lstdc++ -lm -lgcc_s -lgcc -lc -lgcc_s -lgcc /opt/rh/devtoolset-6/root/usr/lib/gcc/x86_64-redhat-linux/6.3.1/crtend.o /lib/../lib64/crtn.o
COLLECT_GCC_OPTIONS='-v' '-rdynamic' '-o' 'cmTC_ba878' '-shared-libgcc' '-mtune=generic' '-march=x86-64'
gmake[1]: Leaving directory '/home/csmajs/anguy589/lab-6-github-actions/CMakeFiles/CMakeTmp'



Parsed CXX implicit include dir info from above output: rv=done
  found start of include info
  found start of implicit include info
    add: [/opt/rh/devtoolset-6/root/usr/lib/gcc/x86_64-redhat-linux/6.3.1/../../../../include/c++/6.3.1]
    add: [/opt/rh/devtoolset-6/root/usr/lib/gcc/x86_64-redhat-linux/6.3.1/../../../../include/c++/6.3.1/x86_64-redhat-linux]
    add: [/opt/rh/devtoolset-6/root/usr/lib/gcc/x86_64-redhat-linux/6.3.1/../../../../include/c++/6.3.1/backward]
    add: [/opt/rh/devtoolset-6/root/usr/lib/gcc/x86_64-redhat-linux/6.3.1/include]
    add: [/usr/local/include]
    add: [/opt/rh/devtoolset-6/root/usr/include]
    add: [/usr/include]
  end of search list found
  collapse include dir [/opt/rh/devtoolset-6/root/usr/lib/gcc/x86_64-redhat-linux/6.3.1/../../../../include/c++/6.3.1] ==> [/opt/rh/devtoolset-6/root/usr/include/c++/6.3.1]
  collapse include dir [/opt/rh/devtoolset-6/root/usr/lib/gcc/x86_64-redhat-linux/6.3.1/../../../../include/c++/6.3.1/x86_64-redhat-linux] ==> [/opt/rh/devtoolset-6/root/usr/include/c++/6.3.1/x86_64-redhat-linux]
  collapse include dir [/opt/rh/devtoolset-6/root/usr/lib/gcc/x86_64-redhat-linux/6.3.1/../../../../include/c++/6.3.1/backward] ==> [/opt/rh/devtoolset-6/root/usr/include/c++/6.3.1/backward]
  collapse include dir [/opt/rh/devtoolset-6/root/usr/lib/gcc/x86_64-redhat-linux/6.3.1/include] ==> [/opt/rh/devtoolset-6/root/usr/lib/gcc/x86_64-redhat-linux/6.3.1/include]
  collapse include dir [/usr/local/include] ==> [/usr/local/include]
  collapse include dir [/opt/rh/devtoolset-6/root/usr/include] ==> [/opt/rh/devtoolset-6/root/usr/include]
  collapse include dir [/usr/include] ==> [/usr/include]
  implicit include dirs: [/opt/rh/devtoolset-6/root/usr/include/c++/6.3.1;/opt/rh/devtoolset-6/root/usr/include/c++/6.3.1/x86_64-redhat-linux;/opt/rh/devtoolset-6/root/usr/include/c++/6.3.1/backward;/opt/rh/devtoolset-6/root/usr/lib/gcc/x86_64-redhat-linux/6.3.1/include;/usr/local/include;/opt/rh/devtoolset-6/root/usr/include;/usr/include]


Parsed CXX implicit link information from above output:
  link line regex: [^( *|.*[/\])(ld|CMAKE_LINK_STARTFILE-NOTFOUND|([^/\]+-)?ld|collect2)[^/\]*( |$)]
  ignore line: [Change Dir: /home/csmajs/anguy589/lab-6-github-actions/CMakeFiles/CMakeTmp]
  ignore line: []
  ignore line: [Run Build Command(s):/opt/rh/devtoolset-6/root/usr/bin/gmake cmTC_ba878/fast && /opt/rh/devtoolset-6/root/usr/bin/gmake  -f CMakeFiles/cmTC_ba878.dir/build.make CMakeFiles/cmTC_ba878.dir/build]
  ignore line: [gmake[1]: Entering directory '/home/csmajs/anguy589/lab-6-github-actions/CMakeFiles/CMakeTmp']
  ignore line: [Building CXX object CMakeFiles/cmTC_ba878.dir/CMakeCXXCompilerABI.cpp.o]
  ignore line: [/opt/rh/devtoolset-6/root/usr/bin/c++    -v -o CMakeFiles/cmTC_ba878.dir/CMakeCXXCompilerABI.cpp.o -c /usr/share/cmake3/Modules/CMakeCXXCompilerABI.cpp]
  ignore line: [Using built-in specs.]
  ignore line: [COLLECT_GCC=/opt/rh/devtoolset-6/root/usr/bin/c++]
  ignore line: [Target: x86_64-redhat-linux]
  ignore line: [Configured with: ../configure --enable-bootstrap --enable-languages=c c++ fortran lto --prefix=/opt/rh/devtoolset-6/root/usr --mandir=/opt/rh/devtoolset-6/root/usr/share/man --infodir=/opt/rh/devtoolset-6/root/usr/share/info --with-bugurl=http://bugzilla.redhat.com/bugzilla --enable-shared --enable-threads=posix --enable-checking=release --enable-multilib --with-system-zlib --enable-__cxa_atexit --disable-libunwind-exceptions --enable-gnu-unique-object --enable-linker-build-id --enable-plugin --with-linker-hash-style=gnu --enable-initfini-array --disable-libgcj --with-default-libstdcxx-abi=gcc4-compatible --with-isl=/builddir/build/BUILD/gcc-6.3.1-20170216/obj-x86_64-redhat-linux/isl-install --enable-libmpx --enable-gnu-indirect-function --with-tune=generic --with-arch_32=i686 --build=x86_64-redhat-linux]
  ignore line: [Thread model: posix]
  ignore line: [gcc version 6.3.1 20170216 (Red Hat 6.3.1-3) (GCC) ]
  ignore line: [COLLECT_GCC_OPTIONS='-v' '-o' 'CMakeFiles/cmTC_ba878.dir/CMakeCXXCompilerABI.cpp.o' '-c' '-shared-libgcc' '-mtune=generic' '-march=x86-64']
  ignore line: [ /opt/rh/devtoolset-6/root/usr/libexec/gcc/x86_64-redhat-linux/6.3.1/cc1plus -quiet -v -D_GNU_SOURCE /usr/share/cmake3/Modules/CMakeCXXCompilerABI.cpp -quiet -dumpbase CMakeCXXCompilerABI.cpp -mtune=generic -march=x86-64 -auxbase-strip CMakeFiles/cmTC_ba878.dir/CMakeCXXCompilerABI.cpp.o -version -o /tmp/cc26dOu8.s]
  ignore line: [GNU C++14 (GCC) version 6.3.1 20170216 (Red Hat 6.3.1-3) (x86_64-redhat-linux)]
  ignore line: [	compiled by GNU C version 6.3.1 20170216 (Red Hat 6.3.1-3)  GMP version 6.0.0  MPFR version 3.1.1  MPC version 1.0.1  isl version 0.14 or 0.13]
  ignore line: [GGC heuristics: --param ggc-min-expand=100 --param ggc-min-heapsize=131072]
  ignore line: [ignoring nonexistent directory "/opt/rh/devtoolset-6/root/usr/lib/gcc/x86_64-redhat-linux/6.3.1/include-fixed"]
  ignore line: [ignoring nonexistent directory "/opt/rh/devtoolset-6/root/usr/lib/gcc/x86_64-redhat-linux/6.3.1/../../../../x86_64-redhat-linux/include"]
  ignore line: [#include "..." search starts here:]
  ignore line: [#include <...> search starts here:]
  ignore line: [ /opt/rh/devtoolset-6/root/usr/lib/gcc/x86_64-redhat-linux/6.3.1/../../../../include/c++/6.3.1]
  ignore line: [ /opt/rh/devtoolset-6/root/usr/lib/gcc/x86_64-redhat-linux/6.3.1/../../../../include/c++/6.3.1/x86_64-redhat-linux]
  ignore line: [ /opt/rh/devtoolset-6/root/usr/lib/gcc/x86_64-redhat-linux/6.3.1/../../../../include/c++/6.3.1/backward]
  ignore line: [ /opt/rh/devtoolset-6/root/usr/lib/gcc/x86_64-redhat-linux/6.3.1/include]
  ignore line: [ /usr/local/include]
  ignore line: [ /opt/rh/devtoolset-6/root/usr/include]
  ignore line: [ /usr/include]
  ignore line: [End of search list.]
  ignore line: [GNU C++14 (GCC) version 6.3.1 20170216 (Red Hat 6.3.1-3) (x86_64-redhat-linux)]
  ignore line: [	compiled by GNU C version 6.3.1 20170216 (Red Hat 6.3.1-3)  GMP version 6.0.0  MPFR version 3.1.1  MPC version 1.0.1  isl version 0.14 or 0.13]
  ignore line: [GGC heuristics: --param ggc-min-expand=100 --param ggc-min-heapsize=131072]
  ignore line: [Compiler executable checksum: a68b63195c158323cd63fe518b04b091]
  ignore line: [COLLECT_GCC_OPTIONS='-v' '-o' 'CMakeFiles/cmTC_ba878.dir/CMakeCXXCompilerABI.cpp.o' '-c' '-shared-libgcc' '-mtune=generic' '-march=x86-64']
  ignore line: [ /opt/rh/devtoolset-6/root/usr/libexec/gcc/x86_64-redhat-linux/6.3.1/as -v --64 -o CMakeFiles/cmTC_ba878.dir/CMakeCXXCompilerABI.cpp.o /tmp/cc26dOu8.s]
  ignore line: [GNU assembler version 2.27 (x86_64-redhat-linux) using BFD version version 2.27-12.el7.1]
  ignore line: [COMPILER_PATH=/opt/rh/devtoolset-6/root/usr/libexec/gcc/x86_64-redhat-linux/6.3.1/:/opt/rh/devtoolset-6/root/usr/libexec/gcc/x86_64-redhat-linux/6.3.1/:/opt/rh/devtoolset-6/root/usr/libexec/gcc/x86_64-redhat-linux/:/opt/rh/devtoolset-6/root/usr/lib/gcc/x86_64-redhat-linux/6.3.1/:/opt/rh/devtoolset-6/root/usr/lib/gcc/x86_64-redhat-linux/]
  ignore line: [LIBRARY_PATH=/opt/rh/devtoolset-6/root/usr/lib/gcc/x86_64-redhat-linux/6.3.1/:/opt/rh/devtoolset-6/root/usr/lib/gcc/x86_64-redhat-linux/6.3.1/../../../../lib64/:/lib/../lib64/:/usr/lib/../lib64/:/opt/rh/devtoolset-6/root/usr/lib/gcc/x86_64-redhat-linux/6.3.1/../../../:/lib/:/usr/lib/]
  ignore line: [COLLECT_GCC_OPTIONS='-v' '-o' 'CMakeFiles/cmTC_ba878.dir/CMakeCXXCompilerABI.cpp.o' '-c' '-shared-libgcc' '-mtune=generic' '-march=x86-64']
  ignore line: [Linking CXX executable cmTC_ba878]
  ignore line: [/usr/bin/cmake3 -E cmake_link_script CMakeFiles/cmTC_ba878.dir/link.txt --verbose=1]
  ignore line: [/opt/rh/devtoolset-6/root/usr/bin/c++      -v -rdynamic CMakeFiles/cmTC_ba878.dir/CMakeCXXCompilerABI.cpp.o  -o cmTC_ba878 ]
  ignore line: [Using built-in specs.]
  ignore line: [COLLECT_GCC=/opt/rh/devtoolset-6/root/usr/bin/c++]
  ignore line: [COLLECT_LTO_WRAPPER=/opt/rh/devtoolset-6/root/usr/libexec/gcc/x86_64-redhat-linux/6.3.1/lto-wrapper]
  ignore line: [Target: x86_64-redhat-linux]
  ignore line: [Configured with: ../configure --enable-bootstrap --enable-languages=c c++ fortran lto --prefix=/opt/rh/devtoolset-6/root/usr --mandir=/opt/rh/devtoolset-6/root/usr/share/man --infodir=/opt/rh/devtoolset-6/root/usr/share/info --with-bugurl=http://bugzilla.redhat.com/bugzilla --enable-shared --enable-threads=posix --enable-checking=release --enable-multilib --with-system-zlib --enable-__cxa_atexit --disable-libunwind-exceptions --enable-gnu-unique-object --enable-linker-build-id --enable-plugin --with-linker-hash-style=gnu --enable-initfini-array --disable-libgcj --with-default-libstdcxx-abi=gcc4-compatible --with-isl=/builddir/build/BUILD/gcc-6.3.1-20170216/obj-x86_64-redhat-linux/isl-install --enable-libmpx --enable-gnu-indirect-function --with-tune=generic --with-arch_32=i686 --build=x86_64-redhat-linux]
  ignore line: [Thread model: posix]
  ignore line: [gcc version 6.3.1 20170216 (Red Hat 6.3.1-3) (GCC) ]
  ignore line: [COMPILER_PATH=/opt/rh/devtoolset-6/root/usr/libexec/gcc/x86_64-redhat-linux/6.3.1/:/opt/rh/devtoolset-6/root/usr/libexec/gcc/x86_64-redhat-linux/6.3.1/:/opt/rh/devtoolset-6/root/usr/libexec/gcc/x86_64-redhat-linux/:/opt/rh/devtoolset-6/root/usr/lib/gcc/x86_64-redhat-linux/6.3.1/:/opt/rh/devtoolset-6/root/usr/lib/gcc/x86_64-redhat-linux/]
  ignore line: [LIBRARY_PATH=/opt/rh/devtoolset-6/root/usr/lib/gcc/x86_64-redhat-linux/6.3.1/:/opt/rh/devtoolset-6/root/usr/lib/gcc/x86_64-redhat-linux/6.3.1/../../../../lib64/:/lib/../lib64/:/usr/lib/../lib64/:/opt/rh/devtoolset-6/root/usr/lib/gcc/x86_64-redhat-linux/6.3.1/../../../:/lib/:/usr/lib/]
  ignore line: [COLLECT_GCC_OPTIONS='-v' '-rdynamic' '-o' 'cmTC_ba878' '-shared-libgcc' '-mtune=generic' '-march=x86-64']
  link line: [ /opt/rh/devtoolset-6/root/usr/libexec/gcc/x86_64-redhat-linux/6.3.1/collect2 -plugin /opt/rh/devtoolset-6/root/usr/libexec/gcc/x86_64-redhat-linux/6.3.1/liblto_plugin.so -plugin-opt=/opt/rh/devtoolset-6/root/usr/libexec/gcc/x86_64-redhat-linux/6.3.1/lto-wrapper -plugin-opt=-fresolution=/tmp/cc1jVxYc.res -plugin-opt=-pass-through=-lgcc_s -plugin-opt=-pass-through=-lgcc -plugin-opt=-pass-through=-lc -plugin-opt=-pass-through=-lgcc_s -plugin-opt=-pass-through=-lgcc --build-id --no-add-needed --eh-frame-hdr --hash-style=gnu -m elf_x86_64 -export-dynamic -dynamic-linker /lib64/ld-linux-x86-64.so.2 -o cmTC_ba878 /lib/../lib64/crt1.o /lib/../lib64/crti.o /opt/rh/devtoolset-6/root/usr/lib/gcc/x86_64-redhat-linux/6.3.1/crtbegin.o -L/opt/rh/devtoolset-6/root/usr/lib/gcc/x86_64-redhat-linux/6.3.1 -L/opt/rh/devtoolset-6/root/usr/lib/gcc/x86_64-redhat-linux/6.3.1/../../../../lib64 -L/lib/../lib64 -L/usr/lib/../lib64 -L/opt/rh/devtoolset-6/root/usr/lib/gcc/x86_64-redhat-linux/6.3.1/../../.. CMakeFiles/cmTC_ba878.dir/CMakeCXXCompilerABI.cpp.o -lstdc++ -lm -lgcc_s -lgcc -lc -lgcc_s -lgcc /opt/rh/devtoolset-6/root/usr/lib/gcc/x86_64-redhat-linux/6.3.1/crtend.o /lib/../lib64/crtn.o]
    arg [/opt/rh/devtoolset-6/root/usr/libexec/gcc/x86_64-redhat-linux/6.3.1/collect2] ==> ignore
    arg [-plugin] ==> ignore
    arg [/opt/rh/devtoolset-6/root/usr/libexec/gcc/x86_64-redhat-linux/6.3.1/liblto_plugin.so] ==> ignore
    arg [-plugin-opt=/opt/rh/devtoolset-6/root/usr/libexec/gcc/x86_64-redhat-linux/6.3.1/lto-wrapper] ==> ignore
    arg [-plugin-opt=-fresolution=/tmp/cc1jVxYc.res] ==> ignore
    arg [-plugin-opt=-pass-through=-lgcc_s] ==> ignore
    arg [-plugin-opt=-pass-through=-lgcc] ==> ignore
    arg [-plugin-opt=-pass-through=-lc] ==> ignore
    arg [-plugin-opt=-pass-through=-lgcc_s] ==> ignore
    arg [-plugin-opt=-pass-through=-lgcc] ==> ignore
    arg [--build-id] ==> ignore
    arg [--no-add-needed] ==> ignore
    arg [--eh-frame-hdr] ==> ignore
    arg [--hash-style=gnu] ==> ignore
    arg [-m] ==> ignore
    arg [elf_x86_64] ==> ignore
    arg [-export-dynamic] ==> ignore
    arg [-dynamic-linker] ==> ignore
    arg [/lib64/ld-linux-x86-64.so.2] ==> ignore
    arg [-o] ==> ignore
    arg [cmTC_ba878] ==> ignore
    arg [/lib/../lib64/crt1.o] ==> ignore
    arg [/lib/../lib64/crti.o] ==> ignore
    arg [/opt/rh/devtoolset-6/root/usr/lib/gcc/x86_64-redhat-linux/6.3.1/crtbegin.o] ==> ignore
    arg [-L/opt/rh/devtoolset-6/root/usr/lib/gcc/x86_64-redhat-linux/6.3.1] ==> dir [/opt/rh/devtoolset-6/root/usr/lib/gcc/x86_64-redhat-linux/6.3.1]
    arg [-L/opt/rh/devtoolset-6/root/usr/lib/gcc/x86_64-redhat-linux/6.3.1/../../../../lib64] ==> dir [/opt/rh/devtoolset-6/root/usr/lib/gcc/x86_64-redhat-linux/6.3.1/../../../../lib64]
    arg [-L/lib/../lib64] ==> dir [/lib/../lib64]
    arg [-L/usr/lib/../lib64] ==> dir [/usr/lib/../lib64]
    arg [-L/opt/rh/devtoolset-6/root/usr/lib/gcc/x86_64-redhat-linux/6.3.1/../../..] ==> dir [/opt/rh/devtoolset-6/root/usr/lib/gcc/x86_64-redhat-linux/6.3.1/../../..]
    arg [CMakeFiles/cmTC_ba878.dir/CMakeCXXCompilerABI.cpp.o] ==> ignore
    arg [-lstdc++] ==> lib [stdc++]
    arg [-lm] ==> lib [m]
    arg [-lgcc_s] ==> lib [gcc_s]
    arg [-lgcc] ==> lib [gcc]
    arg [-lc] ==> lib [c]
    arg [-lgcc_s] ==> lib [gcc_s]
    arg [-lgcc] ==> lib [gcc]
    arg [/opt/rh/devtoolset-6/root/usr/lib/gcc/x86_64-redhat-linux/6.3.1/crtend.o] ==> ignore
    arg [/lib/../lib64/crtn.o] ==> ignore
  collapse library dir [/opt/rh/devtoolset-6/root/usr/lib/gcc/x86_64-redhat-linux/6.3.1] ==> [/opt/rh/devtoolset-6/root/usr/lib/gcc/x86_64-redhat-linux/6.3.1]
  collapse library dir [/opt/rh/devtoolset-6/root/usr/lib/gcc/x86_64-redhat-linux/6.3.1/../../../../lib64] ==> [/opt/rh/devtoolset-6/root/usr/lib64]
  collapse library dir [/lib/../lib64] ==> [/lib64]
  collapse library dir [/usr/lib/../lib64] ==> [/usr/lib64]
  collapse library dir [/opt/rh/devtoolset-6/root/usr/lib/gcc/x86_64-redhat-linux/6.3.1/../../..] ==> [/opt/rh/devtoolset-6/root/usr/lib]
  implicit libs: [stdc++;m;gcc_s;gcc;c;gcc_s;gcc]
  implicit dirs: [/opt/rh/devtoolset-6/root/usr/lib/gcc/x86_64-redhat-linux/6.3.1;/opt/rh/devtoolset-6/root/usr/lib64;/lib64;/usr/lib64;/opt/rh/devtoolset-6/root/usr/lib]
  implicit fwks: []


Determining if the include file pthread.h exists passed with the following output:
Change Dir: /home/csmajs/anguy589/lab-6-github-actions/CMakeFiles/CMakeTmp

Run Build Command(s):/opt/rh/devtoolset-6/root/usr/bin/gmake cmTC_73372/fast && /opt/rh/devtoolset-6/root/usr/bin/gmake  -f CMakeFiles/cmTC_73372.dir/build.make CMakeFiles/cmTC_73372.dir/build
gmake[1]: Entering directory '/home/csmajs/anguy589/lab-6-github-actions/CMakeFiles/CMakeTmp'
Building C object CMakeFiles/cmTC_73372.dir/CheckIncludeFile.c.o
/opt/rh/devtoolset-6/root/usr/bin/cc    -o CMakeFiles/cmTC_73372.dir/CheckIncludeFile.c.o   -c /home/csmajs/anguy589/lab-6-github-actions/CMakeFiles/CMakeTmp/CheckIncludeFile.c
Linking C executable cmTC_73372
/usr/bin/cmake3 -E cmake_link_script CMakeFiles/cmTC_73372.dir/link.txt --verbose=1
/opt/rh/devtoolset-6/root/usr/bin/cc      -rdynamic CMakeFiles/cmTC_73372.dir/CheckIncludeFile.c.o  -o cmTC_73372 
gmake[1]: Leaving directory '/home/csmajs/anguy589/lab-6-github-actions/CMakeFiles/CMakeTmp'



Determining if the function pthread_create exists in the pthread passed with the following output:
Change Dir: /home/csmajs/anguy589/lab-6-github-actions/CMakeFiles/CMakeTmp

Run Build Command(s):/opt/rh/devtoolset-6/root/usr/bin/gmake cmTC_6a9bb/fast && /opt/rh/devtoolset-6/root/usr/bin/gmake  -f CMakeFiles/cmTC_6a9bb.dir/build.make CMakeFiles/cmTC_6a9bb.dir/build
gmake[1]: Entering directory '/home/csmajs/anguy589/lab-6-github-actions/CMakeFiles/CMakeTmp'
Building C object CMakeFiles/cmTC_6a9bb.dir/CheckFunctionExists.c.o
/opt/rh/devtoolset-6/root/usr/bin/cc   -DCHECK_FUNCTION_EXISTS=pthread_create   -o CMakeFiles/cmTC_6a9bb.dir/CheckFunctionExists.c.o   -c /usr/share/cmake3/Modules/CheckFunctionExists.c
Linking C executable cmTC_6a9bb
/usr/bin/cmake3 -E cmake_link_script CMakeFiles/cmTC_6a9bb.dir/link.txt --verbose=1
/opt/rh/devtoolset-6/root/usr/bin/cc  -DCHECK_FUNCTION_EXISTS=pthread_create    -rdynamic CMakeFiles/cmTC_6a9bb.dir/CheckFunctionExists.c.o  -o cmTC_6a9bb  -lpthread 
gmake[1]: Leaving directory '/home/csmajs/anguy589/lab-6-github-actions/CMakeFiles/CMakeTmp'



